#
# A fatal error has been detected by the Java Runtime Environment:
#
#  EXCEPTION_ACCESS_VIOLATION (0xc0000005) at pc=0x0000021edd4c347b, pid=12872, tid=7348
#
# JRE version: OpenJDK Runtime Environment Temurin-19.0.2+7 (19.0.2+7) (build 19.0.2+7)
# Java VM: OpenJDK 64-Bit Server VM Temurin-19.0.2+7 (19.0.2+7, mixed mode, emulated-client, tiered, compressed oops, compressed class ptrs, g1 gc, windows-amd64)
# Problematic frame:
# v  ~BufferBlob::MethodHandles adapters 0x0000021edd4c347b
#
# No core dump will be written. Minidumps are not enabled by default on client versions of Windows
#
# If you would like to submit a bug report, please visit:
#   https://github.com/adoptium/adoptium-support/issues
#

---------------  S U M M A R Y ------------

Command Line: -XX:+ShowCodeDetailsInExceptionMessages -agentlib:jdwp=transport=dt_socket,suspend=y,address=localhost:10907 -Dcom.sun.management.jmxremote -Dcom.sun.management.jmxremote.port=10906 -Dcom.sun.management.jmxremote.authenticate=false -Dcom.sun.management.jmxremote.ssl=false -Djava.rmi.server.hostname=localhost -Dspring.jmx.enabled=true -Dmanagement.endpoints.jmx.exposure.include=* -Dspring.application.admin.enabled=true -XX:TieredStopAtLevel=1 -Dspring.boot.project.name=Book-Store -javaagent:E:\app\learning app\eclipse\eclipse\configuration\org.eclipse.osgi\252\0\.cp\lib\javaagent-shaded.jar -Dfile.encoding=UTF-8 -Dstdout.encoding=UTF-8 -Dstderr.encoding=UTF-8 bookstore.BookStoreApplication --spring.output.ansi.enabled=always

Host: 11th Gen Intel(R) Core(TM) i5-1135G7 @ 2.40GHz, 8 cores, 7G,  Windows 11 , 64 bit Build 23570 (10.0.23570.1000)
Time: Sat Oct 28 20:56:34 2023 SE Asia Standard Time elapsed time: 96.480675 seconds (0d 0h 1m 36s)

---------------  T H R E A D  ---------------

Current thread (0x0000021eecb15080):  JavaThread "http-nio-8081-exec-3" daemon [_thread_in_Java, id=7348, stack(0x000000c7fca00000,0x000000c7fcb00000)]

Stack: [0x000000c7fca00000,0x000000c7fcb00000],  sp=0x000000c7fcafbb68,  free space=1006k
Native frames: (J=compiled Java code, j=interpreted, Vv=VM code, C=native code)
C  0x0000021edd4c347b


siginfo: EXCEPTION_ACCESS_VIOLATION (0xc0000005), reading address 0x0000000b8ac96b88


Registers:
RAX=0x0000021edd49c4fa, RBX=0x00000000895a9128, RCX=0x000000c7fcafbb70, RDX=0x0000000000000002
RSP=0x000000c7fcafbb68, RBP=0x000000c7fcafbbb8, RSI=0x0000021eeeb0f5e8, RDI=0x0000021eebc725f0
R8 =0x0000000000000004, R9 =0x0000000000000004, R10=0x000000073fd47890, R11=0x00000000895e9e28
R12=0x0000000000000000, R13=0x000000c7fcafbb68, R14=0x000000c7fcafbbd8, R15=0x0000021eecb15080
RIP=0x0000021edd4c347b, EFLAGS=0x0000000000010206


Register to memory mapping:

RIP=0x0000021edd4c347b is at begin+36 in a stub
MethodHandle::interpreter_entry::_linkToVirtual [0x0000021edd4c3457, 0x0000021edd4c34a1] (74 bytes)
RAX=0x0000021edd49c4fa is at code_begin+4346 in an Interpreter codelet
return entry points  [0x0000021edd49b400, 0x0000021edd49d200]  7680 bytes
RBX=0x00000000895a9128 is an oop: bookstore.Controller.CategoryController 
{0x00000000895a9128} - klass: 'bookstore/Controller/CategoryController'
 - ---- fields (total size 3 words):
 - private final 'categoryRepo' 'Lbookstore/data/CategoryRepository;' @12  a 'jdk/proxy4/$Proxy148'{0x00000000895a9140} (895a9140)
 - private final 'subCategoryRepo' 'Lbookstore/data/SubCategoryRepository;' @16  a 'jdk/proxy4/$Proxy149'{0x00000000895e9e28} (895e9e28)
RCX=0x000000c7fcafbb70 is pointing into the stack for thread: 0x0000021eecb15080
RDX=0x0000000000000002 is an unknown value
RSP=0x000000c7fcafbb68 is pointing into the stack for thread: 0x0000021eecb15080
RBP=0x000000c7fcafbbb8 is pointing into the stack for thread: 0x0000021eecb15080
RSI=0x0000021eeeb0f5e8 points into unknown readable memory: 0x8800161eb0c3ab66 | 66 ab c3 b0 1e 16 00 88
RDI=0x0000021eebc725f0 points into unknown readable memory: 0x0000001800000060 | 60 00 00 00 18 00 00 00
R8 =0x0000000000000004 is an unknown value
R9 =0x0000000000000004 is an unknown value
R10=0x000000073fd47890 is an unknown value
R11=0x00000000895e9e28 is an oop: jdk.proxy4.$Proxy149 
{0x00000000895e9e28} - klass: 'jdk/proxy4/$Proxy149'
 - ---- fields (total size 2 words):
 - protected 'h' 'Ljava/lang/reflect/InvocationHandler;' @12  a 'org/springframework/aop/framework/JdkDynamicAopProxy'{0x00000000895e9e38} (895e9e38)
R12=0x0 is NULL
R13=0x000000c7fcafbb68 is pointing into the stack for thread: 0x0000021eecb15080
R14=0x000000c7fcafbbd8 is pointing into the stack for thread: 0x0000021eecb15080
R15=0x0000021eecb15080 is a thread


Top of Stack: (sp=0x000000c7fcafbb68)
0x000000c7fcafbb68:   0000021edd49c4fa 000000c7fcafbb70
0x000000c7fcafbb78:   0000021ee7fa8f12 000000c7fcafbbd8
0x000000c7fcafbb88:   0000021ee7fad178 0000021e0000001d
0x000000c7fcafbb98:   00000000848920e0 0000021ee7fa8f20
0x000000c7fcafbba8:   000000c7fcafbb68 000000c7fcafbbe0
0x000000c7fcafbbb8:   000000c7fcafbf20 0000021eddb79e96
0x000000c7fcafbbc8:   0000000090532cf0 00000000895a9128
0x000000c7fcafbbd8:   0000000090532e40 0000000090533038
0x000000c7fcafbbe8:   0000000000000000 000000c7fcafbf20
0x000000c7fcafbbf8:   0000021edd7ef744 0000000090533010
0x000000c7fcafbc08:   00000000895a9128 0000000090532fc0
0x000000c7fcafbc18:   0000000090532e40 00000000895a9128
0x000000c7fcafbc28:   0000021eddb79dbc 000000c7fcafbf20
0x000000c7fcafbc38:   0000021eddf70e06 00000000896e6fa0
0x000000c7fcafbc48:   0000021ee7c79610 0000021eecb15080
0x000000c7fcafbc58:   0000021ee7c79610 0000021eecb15080 

Instructions: (pc=0x0000021edd4c347b)
0x0000021edd4c337b:   00 00 00 00 00 22 00 00 00 00 00 00 00 01 00 00
0x0000021edd4c338b:   00 00 00 00 00 58 aa 1f af fb 7f 00 00 00 00 00
0x0000021edd4c339b:   00 f0 10 00 00 68 00 00 00 ff ff ff ff f0 10 00
0x0000021edd4c33ab:   00 00 00 00 00 00 34 4c dd 1e 02 00 00 80 44 4c
0x0000021edd4c33bb:   dd 1e 02 00 00 00 34 4c dd 1e 02 00 00 80 44 4c
0x0000021edd4c33cb:   dd 1e 02 00 00 f8 33 4c dd 1e 02 00 00 f8 33 4c
0x0000021edd4c33db:   dd 1e 02 00 00 00 00 00 00 00 00 00 00 00 00 00
0x0000021edd4c33eb:   00 00 00 00 00 10 ab 1f af fb 7f 00 00 00 00 00
0x0000021edd4c33fb:   00 00 00 00 00 f4 66 66 66 0f 1f 84 00 00 00 00
0x0000021edd4c340b:   00 66 66 66 90 66 66 66 0f 1f 84 00 00 00 00 00
0x0000021edd4c341b:   66 66 66 90 90 48 8b 53 08 0f b7 52 2c 48 8b 0c
0x0000021edd4c342b:   d4 8b 59 14 8b 5b 28 8b 5b 24 48 8b 5b 10 48 85
0x0000021edd4c343b:   db 0f 84 10 00 00 00 41 80 bf f8 04 00 00 00 74
0x0000021edd4c344b:   03 ff 63 38 ff 63 50 e9 a9 16 00 00 66 0f 1f 84
0x0000021edd4c345b:   00 00 00 00 00 48 8b 53 08 0f b7 52 2c 48 8b 0c
0x0000021edd4c346b:   d4 58 5b 50 44 8b 51 08 49 c1 e2 03 4c 8b 5b 10
0x0000021edd4c347b:   4b 8b 9c da b8 01 00 00 48 85 db 0f 84 10 00 00
0x0000021edd4c348b:   00 41 80 bf f8 04 00 00 00 74 03 ff 63 38 ff 63
0x0000021edd4c349b:   50 e9 5f 16 00 00 66 66 66 0f 1f 84 00 00 00 00
0x0000021edd4c34ab:   00 66 66 66 90 66 66 66 0f 1f 84 00 00 00 00 00
0x0000021edd4c34bb:   66 66 66 90 90 58 5b 50 8b 5b 24 48 8b 5b 10 48
0x0000021edd4c34cb:   85 db 0f 84 10 00 00 00 41 80 bf f8 04 00 00 00
0x0000021edd4c34db:   74 03 ff 63 38 ff 63 50 e9 18 16 00 00 66 66 66
0x0000021edd4c34eb:   0f 1f 84 00 00 00 00 00 66 66 66 90 66 0f 1f 84
0x0000021edd4c34fb:   00 00 00 00 00 48 8b 53 08 0f b7 52 2c 48 8b 0c
0x0000021edd4c350b:   d4 58 5b 50 48 3b 01 8b 5b 24 48 8b 5b 10 48 85
0x0000021edd4c351b:   db 0f 84 10 00 00 00 41 80 bf f8 04 00 00 00 74
0x0000021edd4c352b:   03 ff 63 38 ff 63 50 e9 c9 15 00 00 66 0f 1f 84
0x0000021edd4c353b:   00 00 00 00 00 48 8b 53 08 0f b7 52 2c 48 8b 0c
0x0000021edd4c354b:   d4 58 5b 50 44 8b 51 08 49 c1 e2 03 8b 43 18 48
0x0000021edd4c355b:   8b 40 10 48 8b 5b 10 45 8b 9a a0 00 00 00 4f 8d
0x0000021edd4c356b:   9c da b8 01 00 00 4d 8d 14 da 49 8b 1b 48 3b c3 


Stack slot to memory mapping:
stack at sp + 0 slots: 0x0000021edd49c4fa is at code_begin+4346 in an Interpreter codelet
return entry points  [0x0000021edd49b400, 0x0000021edd49d200]  7680 bytes
stack at sp + 1 slots: 0x000000c7fcafbb70 is pointing into the stack for thread: 0x0000021eecb15080
stack at sp + 2 slots: 0x0000021ee7fa8f12 is pointing into metadata
stack at sp + 3 slots: 0x000000c7fcafbbd8 is pointing into the stack for thread: 0x0000021eecb15080
stack at sp + 4 slots: 0x0000021ee7fad178 is pointing into metadata
stack at sp + 5 slots: 0x0000021e0000001d is an unknown value
stack at sp + 6 slots: 0x00000000848920e0 is an oop: java.lang.Class 
{0x00000000848920e0} - klass: 'java/lang/Class'
 - ---- fields (total size 14 words):
 - private volatile transient 'classRedefinedCount' 'I' @12  0
 - abstract internal 'klass' 'J' @16  4295144712 (2b508 1)
 - abstract internal 'array_klass' 'J' @24  0 (0 0)
 - abstract internal 'oop_size' 'I' @32  14 (e)
 - abstract internal 'static_oop_field_count' 'I' @36  0
 - private volatile transient 'cachedConstructor' 'Ljava/lang/reflect/Constructor;' @40  NULL (0)
 - private transient 'name' 'Ljava/lang/String;' @44  NULL (0)
 - private transient 'module' 'Ljava/lang/Module;' @48  a 'java/lang/Module'{0x000000008489efc8} (8489efc8)
 - private final 'classLoader' 'Ljava/lang/ClassLoader;' @52  NULL (0)
 - private transient 'classData' 'Ljava/lang/Object;' @56  NULL (0)
 - private transient 'packageName' 'Ljava/lang/String;' @60  NULL (0)
 - private final 'componentType' 'Ljava/lang/Class;' @64  NULL (0)
 - private volatile transient 'reflectionData' 'Ljava/lang/ref/SoftReference;' @68  NULL (0)
 - private volatile transient 'genericInfo' 'Lsun/reflect/generics/repository/ClassRepository;' @72  NULL (0)
 - private volatile transient 'enumConstants' '[Ljava/lang/Object;' @76  NULL (0)
 - private volatile transient 'enumConstantDirectory' 'Ljava/util/Map;' @80  NULL (0)
 - private volatile transient 'annotationData' 'Ljava/lang/Class$AnnotationData;' @84  NULL (0)
 - private volatile transient 'annotationType' 'Lsun/reflect/annotation/AnnotationType;' @88  NULL (0)
 - transient 'classValueMap' 'Ljava/lang/ClassValue$ClassValueMap;' @92  NULL (0)
 - abstract internal 'protection_domain' 'Ljava/lang/Object;' @96  NULL (0)
 - abstract internal 'signers_name' 'Ljava/lang/Object;' @100  NULL (0)
 - abstract internal 'source_file' 'Ljava/lang/Object;' @104  NULL (0)
 - signature: Ljava/lang/invoke/DirectMethodHandle$Holder;
 - ---- static fields (0):
stack at sp + 7 slots: {method} {0x0000021ee7fa8f28} 'invokeVirtual' '(Ljava/lang/Object;Ljava/lang/Object;)Ljava/lang/Object;' in 'java/lang/invoke/DirectMethodHandle$Holder'

MethodHandle::interpreter_entry::_linkToVirtual [0x0000021edd4c3457, 0x0000021edd4c34a1] (74 bytes)
[MachCode]
  0x0000021edd4c3457: 660f 1f84 | 0000 0000 | 0048 8b53 | 080f b752 | 2c48 8b0c | d458 5b50 | 448b 5108 | 49c1 e203 
  0x0000021edd4c3477: 4c8b 5b10 | 4b8b 9cda | b801 0000 | 4885 db0f | 8410 0000 | 0041 80bf | f804 0000 | 0074 03ff 
  0x0000021edd4c3497: 6338 ff63 | 50e9 5f16 | 
[/MachCode]

---------------  P R O C E S S  ---------------

Threads class SMR info:
_java_thread_list=0x0000021eeef01450, length=39, elements={
0x0000021eebc0d3c0, 0x0000021eebc0e0a0, 0x0000021eebc0f610, 0x0000021eebc87030,
0x0000021eebc6a420, 0x0000021eebc6c670, 0x0000021eebc6d8b0, 0x0000021eebc8ba60,
0x0000021eebd5bf80, 0x0000021eebe8e600, 0x0000021eebe92b70, 0x0000021eebe97050,
0x0000021eec729e90, 0x0000021eec9702d0, 0x0000021eec96daf0, 0x0000021eeca2b510,
0x0000021eec909df0, 0x0000021eec90bdd0, 0x0000021eec90ade0, 0x0000021eee0fb040,
0x0000021eee0f95b0, 0x0000021eee0fbae0, 0x0000021eee0fc030, 0x0000021eee0f9b00,
0x0000021eee0f9060, 0x0000021eee0fa5a0, 0x0000021eee0fa050, 0x0000021eecb15080,
0x0000021eecb12600, 0x0000021eecb120b0, 0x0000021eecb145e0, 0x0000021eecb18af0,
0x0000021eecb19040, 0x0000021eecb12b50, 0x0000021eecb17060, 0x0000021eecb185a0,
0x0000021eecb165c0, 0x0000021eecb130a0, 0x0000021eecb135f0
}

Java Threads: ( => current thread )
  0x0000021eebc0d3c0 JavaThread "Reference Handler" daemon [_thread_blocked, id=16484, stack(0x000000c7f9d00000,0x000000c7f9e00000)]
  0x0000021eebc0e0a0 JavaThread "Finalizer" daemon [_thread_blocked, id=6256, stack(0x000000c7f9e00000,0x000000c7f9f00000)]
  0x0000021eebc0f610 JavaThread "Signal Dispatcher" daemon [_thread_blocked, id=10648, stack(0x000000c7f9f00000,0x000000c7fa000000)]
  0x0000021eebc87030 JavaThread "Attach Listener" daemon [_thread_blocked, id=12876, stack(0x000000c7fa000000,0x000000c7fa100000)]
  0x0000021eebc6a420 JavaThread "Service Thread" daemon [_thread_blocked, id=16264, stack(0x000000c7fa100000,0x000000c7fa200000)]
  0x0000021eebc6c670 JavaThread "Monitor Deflation Thread" daemon [_thread_blocked, id=16220, stack(0x000000c7fa200000,0x000000c7fa300000)]
  0x0000021eebc6d8b0 JavaThread "C1 CompilerThread0" daemon [_thread_blocked, id=3984, stack(0x000000c7fa300000,0x000000c7fa400000)]
  0x0000021eebc8ba60 JavaThread "Sweeper thread" daemon [_thread_blocked, id=2500, stack(0x000000c7fa400000,0x000000c7fa500000)]
  0x0000021eebd5bf80 JavaThread "Common-Cleaner" daemon [_thread_blocked, id=15492, stack(0x000000c7fa500000,0x000000c7fa600000)]
  0x0000021eebe8e600 JavaThread "JDWP Transport Listener: dt_socket" daemon [_thread_blocked, id=13028, stack(0x000000c7fa800000,0x000000c7fa900000)]
  0x0000021eebe92b70 JavaThread "JDWP Event Helper Thread" daemon [_thread_blocked, id=14828, stack(0x000000c7fa900000,0x000000c7faa00000)]
  0x0000021eebe97050 JavaThread "JDWP Command Reader" daemon [_thread_in_native, id=4372, stack(0x000000c7faa00000,0x000000c7fab00000)]
  0x0000021eec729e90 JavaThread "Notification Thread" daemon [_thread_blocked, id=12532, stack(0x000000c7fab00000,0x000000c7fac00000)]
  0x0000021eec9702d0 JavaThread "RMI TCP Accept-0" daemon [_thread_in_native, id=3764, stack(0x000000c7fad00000,0x000000c7fae00000)]
  0x0000021eec96daf0 JavaThread "RMI TCP Accept-10906" daemon [_thread_in_native, id=13408, stack(0x000000c7fae00000,0x000000c7faf00000)]
  0x0000021eeca2b510 JavaThread "RMI TCP Accept-0" daemon [_thread_in_native, id=2860, stack(0x000000c7faf00000,0x000000c7fb000000)]
  0x0000021eec909df0 JavaThread "RMI Scheduler(0)" daemon [_thread_blocked, id=5160, stack(0x000000c7fbb00000,0x000000c7fbc00000)]
  0x0000021eec90bdd0 JavaThread "JMX server connection timeout 42" daemon [_thread_blocked, id=10812, stack(0x000000c7fbd00000,0x000000c7fbe00000)]
  0x0000021eec90ade0 JavaThread "mssql-jdbc-shared-timer-core-0" daemon [_thread_blocked, id=12116, stack(0x000000c7fc000000,0x000000c7fc100000)]
  0x0000021eee0fb040 JavaThread "HikariPool-1 housekeeper" daemon [_thread_blocked, id=14428, stack(0x000000c7fc100000,0x000000c7fc200000)]
  0x0000021eee0f95b0 JavaThread "Catalina-utility-1" [_thread_blocked, id=6248, stack(0x000000c7fc300000,0x000000c7fc400000)]
  0x0000021eee0fbae0 JavaThread "Catalina-utility-2" [_thread_blocked, id=14128, stack(0x000000c7fc400000,0x000000c7fc500000)]
  0x0000021eee0fc030 JavaThread "container-0" [_thread_blocked, id=9484, stack(0x000000c7fc500000,0x000000c7fc600000)]
  0x0000021eee0f9b00 JavaThread "File Watcher" daemon [_thread_blocked, id=12060, stack(0x000000c7fc600000,0x000000c7fc700000)]
  0x0000021eee0f9060 JavaThread "Live Reload Server" daemon [_thread_in_native, id=14732, stack(0x000000c7fc800000,0x000000c7fc900000)]
  0x0000021eee0fa5a0 JavaThread "http-nio-8081-exec-1" daemon [_thread_blocked, id=7364, stack(0x000000c7fc700000,0x000000c7fc800000)]
  0x0000021eee0fa050 JavaThread "http-nio-8081-exec-2" daemon [_thread_blocked, id=12744, stack(0x000000c7fc900000,0x000000c7fca00000)]
=>0x0000021eecb15080 JavaThread "http-nio-8081-exec-3" daemon [_thread_in_Java, id=7348, stack(0x000000c7fca00000,0x000000c7fcb00000)]
  0x0000021eecb12600 JavaThread "http-nio-8081-exec-4" daemon [_thread_blocked, id=11052, stack(0x000000c7fcb00000,0x000000c7fcc00000)]
  0x0000021eecb120b0 JavaThread "http-nio-8081-exec-5" daemon [_thread_blocked, id=17168, stack(0x000000c7fcc00000,0x000000c7fcd00000)]
  0x0000021eecb145e0 JavaThread "http-nio-8081-exec-6" daemon [_thread_blocked, id=10768, stack(0x000000c7fcd00000,0x000000c7fce00000)]
  0x0000021eecb18af0 JavaThread "http-nio-8081-exec-7" daemon [_thread_blocked, id=12708, stack(0x000000c7fce00000,0x000000c7fcf00000)]
  0x0000021eecb19040 JavaThread "http-nio-8081-exec-8" daemon [_thread_blocked, id=12868, stack(0x000000c7fcf00000,0x000000c7fd000000)]
  0x0000021eecb12b50 JavaThread "http-nio-8081-exec-9" daemon [_thread_blocked, id=7600, stack(0x000000c7fd000000,0x000000c7fd100000)]
  0x0000021eecb17060 JavaThread "http-nio-8081-exec-10" daemon [_thread_blocked, id=2384, stack(0x000000c7fd100000,0x000000c7fd200000)]
  0x0000021eecb185a0 JavaThread "http-nio-8081-Poller" daemon [_thread_in_native, id=10996, stack(0x000000c7fd200000,0x000000c7fd300000)]
  0x0000021eecb165c0 JavaThread "http-nio-8081-Acceptor" daemon [_thread_in_native, id=6048, stack(0x000000c7fd300000,0x000000c7fd400000)]
  0x0000021eecb130a0 JavaThread "DestroyJavaVM" [_thread_blocked, id=1528, stack(0x000000c7f9600000,0x000000c7f9700000)]
  0x0000021eecb135f0 JavaThread "RMI TCP Connection(idle)" daemon [_thread_blocked, id=1328, stack(0x000000c7fd600000,0x000000c7fd700000)]

Other Threads:
  0x0000021ee79485f0 VMThread "VM Thread" [stack: 0x000000c7f9c00000,0x000000c7f9d00000] [id=2544]
  0x0000021eec96e030 WatcherThread "VM Periodic Task Thread" [stack: 0x000000c7fb000000,0x000000c7fb100000] [id=17388]
  0x0000021ed9bdc430 WorkerThread "GC Thread#0" [stack: 0x000000c7f9700000,0x000000c7f9800000] [id=15040]
  0x0000021ed9b7f180 WorkerThread "GC Thread#1" [stack: 0x000000c7fb100000,0x000000c7fb200000] [id=12280]
  0x0000021eec9d3860 WorkerThread "GC Thread#2" [stack: 0x000000c7fb200000,0x000000c7fb300000] [id=16516]
  0x0000021eec9b2ea0 WorkerThread "GC Thread#3" [stack: 0x000000c7fb300000,0x000000c7fb400000] [id=12716]
  0x0000021eec9b3170 WorkerThread "GC Thread#4" [stack: 0x000000c7fb400000,0x000000c7fb500000] [id=14068]
  0x0000021eec9e7f20 WorkerThread "GC Thread#5" [stack: 0x000000c7fb500000,0x000000c7fb600000] [id=3684]
  0x0000021eec9e9050 WorkerThread "GC Thread#6" [stack: 0x000000c7fb600000,0x000000c7fb700000] [id=7716]
  0x0000021eec9e9e60 WorkerThread "GC Thread#7" [stack: 0x000000c7fb700000,0x000000c7fb800000] [id=15184]
  0x0000021ed9becb10 ConcurrentGCThread "G1 Main Marker" [stack: 0x000000c7f9800000,0x000000c7f9900000] [id=2180]
  0x0000021ed9bede80 WorkerThread "G1 Conc#0" [stack: 0x000000c7f9900000,0x000000c7f9a00000] [id=12596]
  0x0000021eec9e8240 WorkerThread "G1 Conc#1" [stack: 0x000000c7fbe00000,0x000000c7fbf00000] [id=11412]
  0x0000021ed9c2e6c0 ConcurrentGCThread "G1 Refine#0" [stack: 0x000000c7f9a00000,0x000000c7f9b00000] [id=5348]
  0x0000021ee77f33c0 ConcurrentGCThread "G1 Service" [stack: 0x000000c7f9b00000,0x000000c7f9c00000] [id=12628]

Threads with active compile tasks:

VM state: not at safepoint (normal execution)

VM Mutex/Monitor currently owned by a thread: None

Heap address: 0x0000000084400000, size: 1980 MB, Compressed Oops mode: 32-bit

CDS archive(s) not mapped
Compressed class space mapped at: 0x0000000100000000-0x0000000140000000, reserved size: 1073741824
Narrow klass base: 0x0000000000000000, Narrow klass shift: 3, Narrow klass range: 0x140000000

GC Precious Log:
 CardTable entry size: 512
 Card Set container configuration: InlinePtr #cards 5 size 8 Array Of Cards #cards 12 size 40 Howl #buckets 4 coarsen threshold 1843 Howl Bitmap #cards 512 size 80 coarsen threshold 460 Card regions per heap region 1 cards per card region 2048
 CPUs: 8 total, 8 available
 Memory: 7914M
 Large Page Support: Disabled
 NUMA Support: Disabled
 Compressed Oops: Enabled (32-bit)
 Heap Region Size: 1M
 Heap Min Capacity: 8M
 Heap Initial Capacity: 124M
 Heap Max Capacity: 1980M
 Pre-touch: Disabled
 Parallel Workers: 8
 Concurrent Workers: 2
 Concurrent Refinement Workers: 8
 Periodic GC: Disabled

Heap:
 garbage-first heap   total 198656K, used 68186K [0x0000000084400000, 0x0000000100000000)
  region size 1024K, 43 young (44032K), 10 survivors (10240K)
 Metaspace       used 87309K, committed 88064K, reserved 1179648K
  class space    used 11580K, committed 11904K, reserved 1048576K

Heap Regions: E=young(eden), S=young(survivor), O=old, HS=humongous(starts), HC=humongous(continues), CS=collection set, F=free, OA=open archive, CA=closed archive, TAMS=top-at-mark-start (previous, next)
|   0|0x0000000084400000, 0x0000000084500000, 0x0000000084500000|100%|HS|  |TAMS 0x0000000084500000, 0x0000000084400000| Complete 
|   1|0x0000000084500000, 0x0000000084600000, 0x0000000084600000|100%| O|  |TAMS 0x0000000084600000, 0x0000000084500000| Untracked 
|   2|0x0000000084600000, 0x0000000084700000, 0x0000000084700000|100%| O|  |TAMS 0x0000000084700000, 0x0000000084600000| Untracked 
|   3|0x0000000084700000, 0x0000000084800000, 0x0000000084800000|100%| O|  |TAMS 0x0000000084800000, 0x0000000084700000| Untracked 
|   4|0x0000000084800000, 0x0000000084900000, 0x0000000084900000|100%| O|  |TAMS 0x0000000084900000, 0x0000000084800000| Untracked 
|   5|0x0000000084900000, 0x0000000084a00000, 0x0000000084a00000|100%| O|  |TAMS 0x0000000084a00000, 0x0000000084900000| Untracked 
|   6|0x0000000084a00000, 0x0000000084b00000, 0x0000000084b00000|100%| O|  |TAMS 0x0000000084b00000, 0x0000000084a00000| Untracked 
|   7|0x0000000084b00000, 0x0000000084c00000, 0x0000000084c00000|100%| O|  |TAMS 0x0000000084c00000, 0x0000000084b00000| Untracked 
|   8|0x0000000084c00000, 0x0000000084d00000, 0x0000000084d00000|100%| O|  |TAMS 0x0000000084d00000, 0x0000000084c00000| Untracked 
|   9|0x0000000084d00000, 0x0000000084e00000, 0x0000000084e00000|100%| O|  |TAMS 0x0000000084e00000, 0x0000000084d00000| Untracked 
|  10|0x0000000084e00000, 0x0000000084f00000, 0x0000000084f00000|100%| O|  |TAMS 0x0000000084f00000, 0x0000000084e00000| Untracked 
|  11|0x0000000084f00000, 0x0000000085000000, 0x0000000085000000|100%| O|  |TAMS 0x0000000085000000, 0x0000000084f00000| Untracked 
|  12|0x0000000085000000, 0x0000000085100000, 0x0000000085100000|100%| O|  |TAMS 0x0000000085100000, 0x0000000085000000| Untracked 
|  13|0x0000000085100000, 0x0000000085200000, 0x0000000085200000|100%| O|  |TAMS 0x0000000085200000, 0x0000000085100000| Untracked 
|  14|0x0000000085200000, 0x0000000085300000, 0x0000000085300000|100%| O|  |TAMS 0x0000000085300000, 0x0000000085200000| Untracked 
|  15|0x0000000085300000, 0x0000000085400000, 0x0000000085400000|100%| O|  |TAMS 0x0000000085400000, 0x0000000085300000| Untracked 
|  16|0x0000000085400000, 0x0000000085500000, 0x0000000085500000|100%| O|  |TAMS 0x0000000085500000, 0x0000000085400000| Untracked 
|  17|0x0000000085500000, 0x0000000085600000, 0x0000000085600000|100%| O|  |TAMS 0x0000000085600000, 0x0000000085500000| Untracked 
|  18|0x0000000085600000, 0x0000000085700000, 0x0000000085700000|100%| O|  |TAMS 0x0000000085700000, 0x0000000085600000| Untracked 
|  19|0x0000000085700000, 0x0000000085800000, 0x0000000085800000|100%| O|  |TAMS 0x000000008572f200, 0x0000000085700000| Untracked 
|  20|0x0000000085800000, 0x0000000085900000, 0x0000000085900000|100%| O|  |TAMS 0x0000000085800000, 0x0000000085800000| Untracked 
|  21|0x0000000085900000, 0x0000000085900000, 0x0000000085a00000|  0%| F|  |TAMS 0x0000000085900000, 0x0000000085900000| Untracked 
|  22|0x0000000085a00000, 0x0000000085b00000, 0x0000000085b00000|100%| O|  |TAMS 0x0000000085a00000, 0x0000000085a00000| Untracked 
|  23|0x0000000085b00000, 0x0000000085c00000, 0x0000000085c00000|100%| O|  |TAMS 0x0000000085b00000, 0x0000000085b00000| Untracked 
|  24|0x0000000085c00000, 0x0000000085d00000, 0x0000000085d00000|100%| O|  |TAMS 0x0000000085c00000, 0x0000000085c00000| Untracked 
|  25|0x0000000085d00000, 0x0000000085e00000, 0x0000000085e00000|100%| O|  |TAMS 0x0000000085d00000, 0x0000000085d00000| Untracked 
|  26|0x0000000085e00000, 0x0000000085ea8800, 0x0000000085f00000| 65%| O|  |TAMS 0x0000000085e00000, 0x0000000085e00000| Untracked 
|  27|0x0000000085f00000, 0x0000000085f00000, 0x0000000086000000|  0%| F|  |TAMS 0x0000000085f00000, 0x0000000085f00000| Untracked 
|  28|0x0000000086000000, 0x0000000086000000, 0x0000000086100000|  0%| F|  |TAMS 0x0000000086000000, 0x0000000086000000| Untracked 
|  29|0x0000000086100000, 0x0000000086100000, 0x0000000086200000|  0%| F|  |TAMS 0x0000000086100000, 0x0000000086100000| Untracked 
|  30|0x0000000086200000, 0x0000000086200000, 0x0000000086300000|  0%| F|  |TAMS 0x0000000086200000, 0x0000000086200000| Untracked 
|  31|0x0000000086300000, 0x0000000086300000, 0x0000000086400000|  0%| F|  |TAMS 0x0000000086300000, 0x0000000086300000| Untracked 
|  32|0x0000000086400000, 0x0000000086400000, 0x0000000086500000|  0%| F|  |TAMS 0x0000000086400000, 0x0000000086400000| Untracked 
|  33|0x0000000086500000, 0x0000000086500000, 0x0000000086600000|  0%| F|  |TAMS 0x0000000086500000, 0x0000000086500000| Untracked 
|  34|0x0000000086600000, 0x0000000086600000, 0x0000000086700000|  0%| F|  |TAMS 0x0000000086600000, 0x0000000086600000| Untracked 
|  35|0x0000000086700000, 0x0000000086700000, 0x0000000086800000|  0%| F|  |TAMS 0x0000000086700000, 0x0000000086700000| Untracked 
|  36|0x0000000086800000, 0x0000000086800000, 0x0000000086900000|  0%| F|  |TAMS 0x0000000086800000, 0x0000000086800000| Untracked 
|  37|0x0000000086900000, 0x0000000086900000, 0x0000000086a00000|  0%| F|  |TAMS 0x0000000086900000, 0x0000000086900000| Untracked 
|  38|0x0000000086a00000, 0x0000000086a00000, 0x0000000086b00000|  0%| F|  |TAMS 0x0000000086a00000, 0x0000000086a00000| Untracked 
|  39|0x0000000086b00000, 0x0000000086b00000, 0x0000000086c00000|  0%| F|  |TAMS 0x0000000086b00000, 0x0000000086b00000| Untracked 
|  40|0x0000000086c00000, 0x0000000086c00000, 0x0000000086d00000|  0%| F|  |TAMS 0x0000000086c00000, 0x0000000086c00000| Untracked 
|  41|0x0000000086d00000, 0x0000000086d00000, 0x0000000086e00000|  0%| F|  |TAMS 0x0000000086d00000, 0x0000000086d00000| Untracked 
|  42|0x0000000086e00000, 0x0000000086e00000, 0x0000000086f00000|  0%| F|  |TAMS 0x0000000086e00000, 0x0000000086e00000| Untracked 
|  43|0x0000000086f00000, 0x0000000086f00000, 0x0000000087000000|  0%| F|  |TAMS 0x0000000086f00000, 0x0000000086f00000| Untracked 
|  44|0x0000000087000000, 0x0000000087000000, 0x0000000087100000|  0%| F|  |TAMS 0x0000000087000000, 0x0000000087000000| Untracked 
|  45|0x0000000087100000, 0x0000000087100000, 0x0000000087200000|  0%| F|  |TAMS 0x0000000087100000, 0x0000000087100000| Untracked 
|  46|0x0000000087200000, 0x0000000087200000, 0x0000000087300000|  0%| F|  |TAMS 0x0000000087200000, 0x0000000087200000| Untracked 
|  47|0x0000000087300000, 0x0000000087300000, 0x0000000087400000|  0%| F|  |TAMS 0x0000000087300000, 0x0000000087300000| Untracked 
|  48|0x0000000087400000, 0x0000000087400000, 0x0000000087500000|  0%| F|  |TAMS 0x0000000087400000, 0x0000000087400000| Untracked 
|  49|0x0000000087500000, 0x0000000087500000, 0x0000000087600000|  0%| F|  |TAMS 0x0000000087500000, 0x0000000087500000| Untracked 
|  50|0x0000000087600000, 0x0000000087600000, 0x0000000087700000|  0%| F|  |TAMS 0x0000000087600000, 0x0000000087600000| Untracked 
|  51|0x0000000087700000, 0x0000000087700000, 0x0000000087800000|  0%| F|  |TAMS 0x0000000087700000, 0x0000000087700000| Untracked 
|  52|0x0000000087800000, 0x0000000087800000, 0x0000000087900000|  0%| F|  |TAMS 0x0000000087800000, 0x0000000087800000| Untracked 
|  53|0x0000000087900000, 0x0000000087900000, 0x0000000087a00000|  0%| F|  |TAMS 0x0000000087900000, 0x0000000087900000| Untracked 
|  54|0x0000000087a00000, 0x0000000087a00000, 0x0000000087b00000|  0%| F|  |TAMS 0x0000000087a00000, 0x0000000087a00000| Untracked 
|  55|0x0000000087b00000, 0x0000000087b00000, 0x0000000087c00000|  0%| F|  |TAMS 0x0000000087b00000, 0x0000000087b00000| Untracked 
|  56|0x0000000087c00000, 0x0000000087c00000, 0x0000000087d00000|  0%| F|  |TAMS 0x0000000087c00000, 0x0000000087c00000| Untracked 
|  57|0x0000000087d00000, 0x0000000087d00000, 0x0000000087e00000|  0%| F|  |TAMS 0x0000000087d00000, 0x0000000087d00000| Untracked 
|  58|0x0000000087e00000, 0x0000000087e00000, 0x0000000087f00000|  0%| F|  |TAMS 0x0000000087e00000, 0x0000000087e00000| Untracked 
|  59|0x0000000087f00000, 0x0000000087f00000, 0x0000000088000000|  0%| F|  |TAMS 0x0000000087f00000, 0x0000000087f00000| Untracked 
|  60|0x0000000088000000, 0x0000000088000000, 0x0000000088100000|  0%| F|  |TAMS 0x0000000088000000, 0x0000000088000000| Untracked 
|  61|0x0000000088100000, 0x0000000088100000, 0x0000000088200000|  0%| F|  |TAMS 0x0000000088100000, 0x0000000088100000| Untracked 
|  62|0x0000000088200000, 0x0000000088200000, 0x0000000088300000|  0%| F|  |TAMS 0x0000000088200000, 0x0000000088200000| Untracked 
|  63|0x0000000088300000, 0x0000000088300000, 0x0000000088400000|  0%| F|  |TAMS 0x0000000088300000, 0x0000000088300000| Untracked 
|  64|0x0000000088400000, 0x0000000088400000, 0x0000000088500000|  0%| F|  |TAMS 0x0000000088400000, 0x0000000088400000| Untracked 
|  65|0x0000000088500000, 0x0000000088500000, 0x0000000088600000|  0%| F|  |TAMS 0x0000000088500000, 0x0000000088500000| Untracked 
|  66|0x0000000088600000, 0x0000000088600000, 0x0000000088700000|  0%| F|  |TAMS 0x0000000088600000, 0x0000000088600000| Untracked 
|  67|0x0000000088700000, 0x0000000088700000, 0x0000000088800000|  0%| F|  |TAMS 0x0000000088700000, 0x0000000088700000| Untracked 
|  68|0x0000000088800000, 0x00000000888ee1d0, 0x0000000088900000| 93%| S|CS|TAMS 0x0000000088800000, 0x0000000088800000| Complete 
|  69|0x0000000088900000, 0x0000000088a00000, 0x0000000088a00000|100%| S|CS|TAMS 0x0000000088900000, 0x0000000088900000| Complete 
|  70|0x0000000088a00000, 0x0000000088b00000, 0x0000000088b00000|100%| S|CS|TAMS 0x0000000088a00000, 0x0000000088a00000| Complete 
|  71|0x0000000088b00000, 0x0000000088c00000, 0x0000000088c00000|100%| S|CS|TAMS 0x0000000088b00000, 0x0000000088b00000| Complete 
|  72|0x0000000088c00000, 0x0000000088d00000, 0x0000000088d00000|100%| S|CS|TAMS 0x0000000088c00000, 0x0000000088c00000| Complete 
|  73|0x0000000088d00000, 0x0000000088e00000, 0x0000000088e00000|100%| S|CS|TAMS 0x0000000088d00000, 0x0000000088d00000| Complete 
|  74|0x0000000088e00000, 0x0000000088e00000, 0x0000000088f00000|  0%| F|  |TAMS 0x0000000088e00000, 0x0000000088e00000| Untracked 
|  75|0x0000000088f00000, 0x0000000088f00000, 0x0000000089000000|  0%| F|  |TAMS 0x0000000088f00000, 0x0000000088f00000| Untracked 
|  76|0x0000000089000000, 0x0000000089000000, 0x0000000089100000|  0%| F|  |TAMS 0x0000000089000000, 0x0000000089000000| Untracked 
|  77|0x0000000089100000, 0x0000000089100000, 0x0000000089200000|  0%| F|  |TAMS 0x0000000089100000, 0x0000000089100000| Untracked 
|  78|0x0000000089200000, 0x0000000089200000, 0x0000000089300000|  0%| F|  |TAMS 0x0000000089200000, 0x0000000089200000| Untracked 
|  79|0x0000000089300000, 0x0000000089300000, 0x0000000089400000|  0%| F|  |TAMS 0x0000000089300000, 0x0000000089300000| Untracked 
|  80|0x0000000089400000, 0x0000000089500000, 0x0000000089500000|100%| S|CS|TAMS 0x0000000089400000, 0x0000000089400000| Complete 
|  81|0x0000000089500000, 0x0000000089600000, 0x0000000089600000|100%| S|CS|TAMS 0x0000000089500000, 0x0000000089500000| Complete 
|  82|0x0000000089600000, 0x0000000089700000, 0x0000000089700000|100%| S|CS|TAMS 0x0000000089600000, 0x0000000089600000| Complete 
|  83|0x0000000089700000, 0x0000000089800000, 0x0000000089800000|100%| S|CS|TAMS 0x0000000089700000, 0x0000000089700000| Complete 
|  84|0x0000000089800000, 0x0000000089800000, 0x0000000089900000|  0%| F|  |TAMS 0x0000000089800000, 0x0000000089800000| Untracked 
|  85|0x0000000089900000, 0x0000000089900000, 0x0000000089a00000|  0%| F|  |TAMS 0x0000000089900000, 0x0000000089900000| Untracked 
|  86|0x0000000089a00000, 0x0000000089a00000, 0x0000000089b00000|  0%| F|  |TAMS 0x0000000089a00000, 0x0000000089a00000| Untracked 
|  87|0x0000000089b00000, 0x0000000089b00000, 0x0000000089c00000|  0%| F|  |TAMS 0x0000000089b00000, 0x0000000089b00000| Untracked 
|  88|0x0000000089c00000, 0x0000000089c00000, 0x0000000089d00000|  0%| F|  |TAMS 0x0000000089c00000, 0x0000000089c00000| Untracked 
|  89|0x0000000089d00000, 0x0000000089d00000, 0x0000000089e00000|  0%| F|  |TAMS 0x0000000089d00000, 0x0000000089d00000| Untracked 
|  90|0x0000000089e00000, 0x0000000089e00000, 0x0000000089f00000|  0%| F|  |TAMS 0x0000000089e00000, 0x0000000089e00000| Untracked 
|  91|0x0000000089f00000, 0x0000000089f00000, 0x000000008a000000|  0%| F|  |TAMS 0x0000000089f00000, 0x0000000089f00000| Untracked 
|  92|0x000000008a000000, 0x000000008a000000, 0x000000008a100000|  0%| F|  |TAMS 0x000000008a000000, 0x000000008a000000| Untracked 
|  93|0x000000008a100000, 0x000000008a100000, 0x000000008a200000|  0%| F|  |TAMS 0x000000008a100000, 0x000000008a100000| Untracked 
|  94|0x000000008a200000, 0x000000008a200000, 0x000000008a300000|  0%| F|  |TAMS 0x000000008a200000, 0x000000008a200000| Untracked 
|  95|0x000000008a300000, 0x000000008a300000, 0x000000008a400000|  0%| F|  |TAMS 0x000000008a300000, 0x000000008a300000| Untracked 
|  96|0x000000008a400000, 0x000000008a400000, 0x000000008a500000|  0%| F|  |TAMS 0x000000008a400000, 0x000000008a400000| Untracked 
|  97|0x000000008a500000, 0x000000008a500000, 0x000000008a600000|  0%| F|  |TAMS 0x000000008a500000, 0x000000008a500000| Untracked 
|  98|0x000000008a600000, 0x000000008a600000, 0x000000008a700000|  0%| F|  |TAMS 0x000000008a600000, 0x000000008a600000| Untracked 
|  99|0x000000008a700000, 0x000000008a700000, 0x000000008a800000|  0%| F|  |TAMS 0x000000008a700000, 0x000000008a700000| Untracked 
| 100|0x000000008a800000, 0x000000008a800000, 0x000000008a900000|  0%| F|  |TAMS 0x000000008a800000, 0x000000008a800000| Untracked 
| 101|0x000000008a900000, 0x000000008a900000, 0x000000008aa00000|  0%| F|  |TAMS 0x000000008a900000, 0x000000008a900000| Untracked 
| 102|0x000000008aa00000, 0x000000008aa00000, 0x000000008ab00000|  0%| F|  |TAMS 0x000000008aa00000, 0x000000008aa00000| Untracked 
| 103|0x000000008ab00000, 0x000000008ab00000, 0x000000008ac00000|  0%| F|  |TAMS 0x000000008ab00000, 0x000000008ab00000| Untracked 
| 104|0x000000008ac00000, 0x000000008ac00000, 0x000000008ad00000|  0%| F|  |TAMS 0x000000008ac00000, 0x000000008ac00000| Untracked 
| 105|0x000000008ad00000, 0x000000008ad00000, 0x000000008ae00000|  0%| F|  |TAMS 0x000000008ad00000, 0x000000008ad00000| Untracked 
| 106|0x000000008ae00000, 0x000000008ae00000, 0x000000008af00000|  0%| F|  |TAMS 0x000000008ae00000, 0x000000008ae00000| Untracked 
| 107|0x000000008af00000, 0x000000008af00000, 0x000000008b000000|  0%| F|  |TAMS 0x000000008af00000, 0x000000008af00000| Untracked 
| 108|0x000000008b000000, 0x000000008b000000, 0x000000008b100000|  0%| F|  |TAMS 0x000000008b000000, 0x000000008b000000| Untracked 
| 109|0x000000008b100000, 0x000000008b100000, 0x000000008b200000|  0%| F|  |TAMS 0x000000008b100000, 0x000000008b100000| Untracked 
| 110|0x000000008b200000, 0x000000008b200000, 0x000000008b300000|  0%| F|  |TAMS 0x000000008b200000, 0x000000008b200000| Untracked 
| 111|0x000000008b300000, 0x000000008b300000, 0x000000008b400000|  0%| F|  |TAMS 0x000000008b300000, 0x000000008b300000| Untracked 
| 112|0x000000008b400000, 0x000000008b400000, 0x000000008b500000|  0%| F|  |TAMS 0x000000008b400000, 0x000000008b400000| Untracked 
| 113|0x000000008b500000, 0x000000008b500000, 0x000000008b600000|  0%| F|  |TAMS 0x000000008b500000, 0x000000008b500000| Untracked 
| 114|0x000000008b600000, 0x000000008b600000, 0x000000008b700000|  0%| F|  |TAMS 0x000000008b600000, 0x000000008b600000| Untracked 
| 115|0x000000008b700000, 0x000000008b700000, 0x000000008b800000|  0%| F|  |TAMS 0x000000008b700000, 0x000000008b700000| Untracked 
| 116|0x000000008b800000, 0x000000008b800000, 0x000000008b900000|  0%| F|  |TAMS 0x000000008b800000, 0x000000008b800000| Untracked 
| 117|0x000000008b900000, 0x000000008b900000, 0x000000008ba00000|  0%| F|  |TAMS 0x000000008b900000, 0x000000008b900000| Untracked 
| 118|0x000000008ba00000, 0x000000008ba00000, 0x000000008bb00000|  0%| F|  |TAMS 0x000000008ba00000, 0x000000008ba00000| Untracked 
| 119|0x000000008bb00000, 0x000000008bb00000, 0x000000008bc00000|  0%| F|  |TAMS 0x000000008bb00000, 0x000000008bb00000| Untracked 
| 120|0x000000008bc00000, 0x000000008bc00000, 0x000000008bd00000|  0%| F|  |TAMS 0x000000008bc00000, 0x000000008bc00000| Untracked 
| 121|0x000000008bd00000, 0x000000008bd00000, 0x000000008be00000|  0%| F|  |TAMS 0x000000008bd00000, 0x000000008bd00000| Untracked 
| 122|0x000000008be00000, 0x000000008be00000, 0x000000008bf00000|  0%| F|  |TAMS 0x000000008be00000, 0x000000008be00000| Untracked 
| 123|0x000000008bf00000, 0x000000008bf00000, 0x000000008c000000|  0%| F|  |TAMS 0x000000008bf00000, 0x000000008bf00000| Untracked 
| 124|0x000000008c000000, 0x000000008c000000, 0x000000008c100000|  0%| F|  |TAMS 0x000000008c000000, 0x000000008c000000| Untracked 
| 125|0x000000008c100000, 0x000000008c100000, 0x000000008c200000|  0%| F|  |TAMS 0x000000008c100000, 0x000000008c100000| Untracked 
| 126|0x000000008c200000, 0x000000008c200000, 0x000000008c300000|  0%| F|  |TAMS 0x000000008c200000, 0x000000008c200000| Untracked 
| 127|0x000000008c300000, 0x000000008c300000, 0x000000008c400000|  0%| F|  |TAMS 0x000000008c300000, 0x000000008c300000| Untracked 
| 128|0x000000008c400000, 0x000000008c400000, 0x000000008c500000|  0%| F|  |TAMS 0x000000008c400000, 0x000000008c400000| Untracked 
| 129|0x000000008c500000, 0x000000008c500000, 0x000000008c600000|  0%| F|  |TAMS 0x000000008c500000, 0x000000008c500000| Untracked 
| 130|0x000000008c600000, 0x000000008c600000, 0x000000008c700000|  0%| F|  |TAMS 0x000000008c600000, 0x000000008c600000| Untracked 
| 131|0x000000008c700000, 0x000000008c700000, 0x000000008c800000|  0%| F|  |TAMS 0x000000008c700000, 0x000000008c700000| Untracked 
| 132|0x000000008c800000, 0x000000008c800000, 0x000000008c900000|  0%| F|  |TAMS 0x000000008c800000, 0x000000008c800000| Untracked 
| 133|0x000000008c900000, 0x000000008c900000, 0x000000008ca00000|  0%| F|  |TAMS 0x000000008c900000, 0x000000008c900000| Untracked 
| 134|0x000000008ca00000, 0x000000008ca00000, 0x000000008cb00000|  0%| F|  |TAMS 0x000000008ca00000, 0x000000008ca00000| Untracked 
| 135|0x000000008cb00000, 0x000000008cb00000, 0x000000008cc00000|  0%| F|  |TAMS 0x000000008cb00000, 0x000000008cb00000| Untracked 
| 136|0x000000008cc00000, 0x000000008cc00000, 0x000000008cd00000|  0%| F|  |TAMS 0x000000008cc00000, 0x000000008cc00000| Untracked 
| 137|0x000000008cd00000, 0x000000008cd00000, 0x000000008ce00000|  0%| F|  |TAMS 0x000000008cd00000, 0x000000008cd00000| Untracked 
| 138|0x000000008ce00000, 0x000000008ce00000, 0x000000008cf00000|  0%| F|  |TAMS 0x000000008ce00000, 0x000000008ce00000| Untracked 
| 139|0x000000008cf00000, 0x000000008cf00000, 0x000000008d000000|  0%| F|  |TAMS 0x000000008cf00000, 0x000000008cf00000| Untracked 
| 140|0x000000008d000000, 0x000000008d000000, 0x000000008d100000|  0%| F|  |TAMS 0x000000008d000000, 0x000000008d000000| Untracked 
| 141|0x000000008d100000, 0x000000008d100000, 0x000000008d200000|  0%| F|  |TAMS 0x000000008d100000, 0x000000008d100000| Untracked 
| 142|0x000000008d200000, 0x000000008d200000, 0x000000008d300000|  0%| F|  |TAMS 0x000000008d200000, 0x000000008d200000| Untracked 
| 143|0x000000008d300000, 0x000000008d300000, 0x000000008d400000|  0%| F|  |TAMS 0x000000008d300000, 0x000000008d300000| Untracked 
| 144|0x000000008d400000, 0x000000008d400000, 0x000000008d500000|  0%| F|  |TAMS 0x000000008d400000, 0x000000008d400000| Untracked 
| 145|0x000000008d500000, 0x000000008d500000, 0x000000008d600000|  0%| F|  |TAMS 0x000000008d500000, 0x000000008d500000| Untracked 
| 146|0x000000008d600000, 0x000000008d600000, 0x000000008d700000|  0%| F|  |TAMS 0x000000008d600000, 0x000000008d600000| Untracked 
| 147|0x000000008d700000, 0x000000008d700000, 0x000000008d800000|  0%| F|  |TAMS 0x000000008d700000, 0x000000008d700000| Untracked 
| 148|0x000000008d800000, 0x000000008d800000, 0x000000008d900000|  0%| F|  |TAMS 0x000000008d800000, 0x000000008d800000| Untracked 
| 149|0x000000008d900000, 0x000000008d900000, 0x000000008da00000|  0%| F|  |TAMS 0x000000008d900000, 0x000000008d900000| Untracked 
| 150|0x000000008da00000, 0x000000008da00000, 0x000000008db00000|  0%| F|  |TAMS 0x000000008da00000, 0x000000008da00000| Untracked 
| 151|0x000000008db00000, 0x000000008db00000, 0x000000008dc00000|  0%| F|  |TAMS 0x000000008db00000, 0x000000008db00000| Untracked 
| 152|0x000000008dc00000, 0x000000008dc00000, 0x000000008dd00000|  0%| F|  |TAMS 0x000000008dc00000, 0x000000008dc00000| Untracked 
| 153|0x000000008dd00000, 0x000000008dd00000, 0x000000008de00000|  0%| F|  |TAMS 0x000000008dd00000, 0x000000008dd00000| Untracked 
| 154|0x000000008de00000, 0x000000008de00000, 0x000000008df00000|  0%| F|  |TAMS 0x000000008de00000, 0x000000008de00000| Untracked 
| 155|0x000000008df00000, 0x000000008df00000, 0x000000008e000000|  0%| F|  |TAMS 0x000000008df00000, 0x000000008df00000| Untracked 
| 156|0x000000008e000000, 0x000000008e000000, 0x000000008e100000|  0%| F|  |TAMS 0x000000008e000000, 0x000000008e000000| Untracked 
| 157|0x000000008e100000, 0x000000008e100000, 0x000000008e200000|  0%| F|  |TAMS 0x000000008e100000, 0x000000008e100000| Untracked 
| 158|0x000000008e200000, 0x000000008e200000, 0x000000008e300000|  0%| F|  |TAMS 0x000000008e200000, 0x000000008e200000| Untracked 
| 159|0x000000008e300000, 0x000000008e300000, 0x000000008e400000|  0%| F|  |TAMS 0x000000008e300000, 0x000000008e300000| Untracked 
| 160|0x000000008e400000, 0x000000008e400000, 0x000000008e500000|  0%| F|  |TAMS 0x000000008e400000, 0x000000008e400000| Untracked 
| 161|0x000000008e500000, 0x000000008e600000, 0x000000008e600000|100%| E|  |TAMS 0x000000008e500000, 0x000000008e500000| Complete 
| 162|0x000000008e600000, 0x000000008e700000, 0x000000008e700000|100%| E|CS|TAMS 0x000000008e600000, 0x000000008e600000| Complete 
| 163|0x000000008e700000, 0x000000008e800000, 0x000000008e800000|100%| E|CS|TAMS 0x000000008e700000, 0x000000008e700000| Complete 
| 164|0x000000008e800000, 0x000000008e900000, 0x000000008e900000|100%| E|CS|TAMS 0x000000008e800000, 0x000000008e800000| Complete 
| 165|0x000000008e900000, 0x000000008ea00000, 0x000000008ea00000|100%| E|CS|TAMS 0x000000008e900000, 0x000000008e900000| Complete 
| 166|0x000000008ea00000, 0x000000008eb00000, 0x000000008eb00000|100%| E|CS|TAMS 0x000000008ea00000, 0x000000008ea00000| Complete 
| 167|0x000000008eb00000, 0x000000008ec00000, 0x000000008ec00000|100%| E|CS|TAMS 0x000000008eb00000, 0x000000008eb00000| Complete 
| 168|0x000000008ec00000, 0x000000008ed00000, 0x000000008ed00000|100%| E|CS|TAMS 0x000000008ec00000, 0x000000008ec00000| Complete 
| 169|0x000000008ed00000, 0x000000008ee00000, 0x000000008ee00000|100%| E|CS|TAMS 0x000000008ed00000, 0x000000008ed00000| Complete 
| 170|0x000000008ee00000, 0x000000008ef00000, 0x000000008ef00000|100%| E|CS|TAMS 0x000000008ee00000, 0x000000008ee00000| Complete 
| 171|0x000000008ef00000, 0x000000008f000000, 0x000000008f000000|100%| E|CS|TAMS 0x000000008ef00000, 0x000000008ef00000| Complete 
| 172|0x000000008f000000, 0x000000008f100000, 0x000000008f100000|100%| E|CS|TAMS 0x000000008f000000, 0x000000008f000000| Complete 
| 173|0x000000008f100000, 0x000000008f200000, 0x000000008f200000|100%| E|CS|TAMS 0x000000008f100000, 0x000000008f100000| Complete 
| 174|0x000000008f200000, 0x000000008f300000, 0x000000008f300000|100%| E|CS|TAMS 0x000000008f200000, 0x000000008f200000| Complete 
| 175|0x000000008f300000, 0x000000008f400000, 0x000000008f400000|100%| E|CS|TAMS 0x000000008f300000, 0x000000008f300000| Complete 
| 176|0x000000008f400000, 0x000000008f500000, 0x000000008f500000|100%| E|CS|TAMS 0x000000008f400000, 0x000000008f400000| Complete 
| 177|0x000000008f500000, 0x000000008f600000, 0x000000008f600000|100%| E|CS|TAMS 0x000000008f500000, 0x000000008f500000| Complete 
| 178|0x000000008f600000, 0x000000008f700000, 0x000000008f700000|100%| E|CS|TAMS 0x000000008f600000, 0x000000008f600000| Complete 
| 179|0x000000008f700000, 0x000000008f800000, 0x000000008f800000|100%| E|CS|TAMS 0x000000008f700000, 0x000000008f700000| Complete 
| 180|0x000000008f800000, 0x000000008f900000, 0x000000008f900000|100%| E|CS|TAMS 0x000000008f800000, 0x000000008f800000| Complete 
| 181|0x000000008f900000, 0x000000008fa00000, 0x000000008fa00000|100%| E|CS|TAMS 0x000000008f900000, 0x000000008f900000| Complete 
| 182|0x000000008fa00000, 0x000000008fb00000, 0x000000008fb00000|100%| E|CS|TAMS 0x000000008fa00000, 0x000000008fa00000| Complete 
| 183|0x000000008fb00000, 0x000000008fc00000, 0x000000008fc00000|100%| E|  |TAMS 0x000000008fb00000, 0x000000008fb00000| Complete 
| 184|0x000000008fc00000, 0x000000008fd00000, 0x000000008fd00000|100%| E|CS|TAMS 0x000000008fc00000, 0x000000008fc00000| Complete 
| 185|0x000000008fd00000, 0x000000008fe00000, 0x000000008fe00000|100%| E|CS|TAMS 0x000000008fd00000, 0x000000008fd00000| Complete 
| 186|0x000000008fe00000, 0x000000008ff00000, 0x000000008ff00000|100%| E|CS|TAMS 0x000000008fe00000, 0x000000008fe00000| Complete 
| 187|0x000000008ff00000, 0x0000000090000000, 0x0000000090000000|100%| E|CS|TAMS 0x000000008ff00000, 0x000000008ff00000| Complete 
| 188|0x0000000090000000, 0x0000000090100000, 0x0000000090100000|100%| E|CS|TAMS 0x0000000090000000, 0x0000000090000000| Complete 
| 189|0x0000000090100000, 0x0000000090200000, 0x0000000090200000|100%| E|CS|TAMS 0x0000000090100000, 0x0000000090100000| Complete 
| 190|0x0000000090200000, 0x0000000090300000, 0x0000000090300000|100%| E|CS|TAMS 0x0000000090200000, 0x0000000090200000| Complete 
| 191|0x0000000090300000, 0x0000000090400000, 0x0000000090400000|100%| E|CS|TAMS 0x0000000090300000, 0x0000000090300000| Complete 
| 192|0x0000000090400000, 0x0000000090500000, 0x0000000090500000|100%| E|CS|TAMS 0x0000000090400000, 0x0000000090400000| Complete 
| 193|0x0000000090500000, 0x0000000090600000, 0x0000000090600000|100%| E|CS|TAMS 0x0000000090500000, 0x0000000090500000| Complete 

Card table byte_map: [0x0000021ee0970000,0x0000021ee0d50000] _byte_map_base: 0x0000021ee054e000

Marking Bits (Prev, Next): (CMBitMap*) 0x0000021ed9bdcaa0, (CMBitMap*) 0x0000021ed9bdca60
 Prev Bits: [0x0000021ee3020000, 0x0000021ee4f10000)
 Next Bits: [0x0000021ee1130000, 0x0000021ee3020000)

Polling page: 0x0000021ed7b00000

Metaspace:

Usage:
  Non-class:     73.95 MB used.
      Class:     11.31 MB used.
       Both:     85.26 MB used.

Virtual space:
  Non-class space:      128.00 MB reserved,      74.38 MB ( 58%) committed,  2 nodes.
      Class space:        1.00 GB reserved,      11.62 MB (  1%) committed,  1 nodes.
             Both:        1.12 GB reserved,      86.00 MB (  7%) committed. 

Chunk freelists:
   Non-Class:  1.06 MB
       Class:  201.00 KB
        Both:  1.26 MB

MaxMetaspaceSize: unlimited
CompressedClassSpaceSize: 1.00 GB
Initial GC threshold: 21.00 MB
Current GC threshold: 98.56 MB
CDS: off
MetaspaceReclaimPolicy: balanced
 - commit_granule_bytes: 65536.
 - commit_granule_words: 8192.
 - virtual_space_node_default_size: 8388608.
 - enlarge_chunks_in_place: 1.
 - new_chunks_are_fully_committed: 0.
 - uncommit_free_chunks: 1.
 - use_allocation_guard: 0.


Internal statistics:

num_allocs_failed_limit: 12.
num_arena_births: 1148.
num_arena_deaths: 0.
num_vsnodes_births: 3.
num_vsnodes_deaths: 0.
num_space_committed: 1376.
num_space_uncommitted: 0.
num_chunks_returned_to_freelist: 12.
num_chunks_taken_from_freelist: 3786.
num_chunk_merges: 12.
num_chunk_splits: 2789.
num_chunks_enlarged: 2259.
num_inconsistent_stats: 0.

CodeCache: size=49152Kb used=12699Kb max_used=14296Kb free=36452Kb
 bounds [0x0000021edd480000, 0x0000021ede280000, 0x0000021ee0480000]
 total_blobs=7480 nmethods=6741 adapters=663
 compilation: enabled
              stopped_count=0, restarted_count=0
 full_count=0

Compilation events (20 events):
Event: 77.204 Thread 0x0000021eebc6d8b0 6733   !   1       java.util.concurrent.locks.AbstractQueuedSynchronizer::acquire (407 bytes)
Event: 77.205 Thread 0x0000021eebc6d8b0 nmethod 6733 0x0000021edd884310 code [0x0000021edd8845a0, 0x0000021edd885528]
Event: 79.215 Thread 0x0000021eebc6d8b0 6734       1       java.util.concurrent.locks.AbstractQueuedSynchronizer$Node::clearStatus (12 bytes)
Event: 79.216 Thread 0x0000021eebc6d8b0 nmethod 6734 0x0000021edd884010 code [0x0000021edd8841a0, 0x0000021edd884278]
Event: 79.216 Thread 0x0000021eebc6d8b0 6735       1       jdk.internal.misc.Unsafe::putIntOpaque (9 bytes)
Event: 79.216 Thread 0x0000021eebc6d8b0 nmethod 6735 0x0000021edd883d10 code [0x0000021edd883ea0, 0x0000021edd883f78]
Event: 81.204 Thread 0x0000021eebc6d8b0 6736       1       java.util.concurrent.ThreadPoolExecutor::getQueue (5 bytes)
Event: 81.204 Thread 0x0000021eebc6d8b0 nmethod 6736 0x0000021edd883a10 code [0x0000021edd883ba0, 0x0000021edd883c58]
Event: 85.616 Thread 0x0000021eebc6d8b0 6737       1       org.apache.catalina.LifecycleEvent::getType (5 bytes)
Event: 85.616 Thread 0x0000021eebc6d8b0 nmethod 6737 0x0000021edd883710 code [0x0000021edd8838a0, 0x0000021edd883958]
Event: 86.210 Thread 0x0000021eebc6d8b0 6738       1       java.util.concurrent.locks.AbstractQueuedSynchronizer$ConditionNode::<init> (5 bytes)
Event: 86.210 Thread 0x0000021eebc6d8b0 nmethod 6738 0x0000021edd883410 code [0x0000021edd8835a0, 0x0000021edd883658]
Event: 86.210 Thread 0x0000021eebc6d8b0 6739       1       java.util.concurrent.locks.AbstractQueuedSynchronizer$ConditionObject::enableWait (84 bytes)
Event: 86.211 Thread 0x0000021eebc6d8b0 nmethod 6739 0x0000021edd882b90 code [0x0000021edd882d80, 0x0000021edd883178]
Event: 86.211 Thread 0x0000021eebc6d8b0 6740       1       java.util.concurrent.locks.AbstractQueuedSynchronizer$Node::setStatusRelaxed (12 bytes)
Event: 86.211 Thread 0x0000021eebc6d8b0 nmethod 6740 0x0000021edd882890 code [0x0000021edd882a20, 0x0000021edd882af8]
Event: 90.215 Thread 0x0000021eebc6d8b0 6741       1       java.util.concurrent.locks.AbstractQueuedSynchronizer$Node::getAndUnsetStatus (14 bytes)
Event: 90.216 Thread 0x0000021eebc6d8b0 nmethod 6741 0x0000021edd882510 code [0x0000021edd8826a0, 0x0000021edd8827b8]
Event: 90.216 Thread 0x0000021eebc6d8b0 6742       1       jdk.internal.misc.Unsafe::getAndBitwiseAndInt (27 bytes)
Event: 90.216 Thread 0x0000021eebc6d8b0 nmethod 6742 0x0000021edd882190 code [0x0000021edd882320, 0x0000021edd882418]

GC Heap History (20 events):
Event: 2.778 GC heap before
{Heap before GC invocations=13 (full 0):
 garbage-first heap   total 78848K, used 61693K [0x0000000084400000, 0x0000000100000000)
  region size 1024K, 45 young (46080K), 1 survivors (1024K)
 Metaspace       used 41979K, committed 42496K, reserved 1114112K
  class space    used 5131K, committed 5376K, reserved 1048576K
}
Event: 2.783 GC heap after
{Heap after GC invocations=14 (full 0):
 garbage-first heap   total 78848K, used 19850K [0x0000000084400000, 0x0000000100000000)
  region size 1024K, 3 young (3072K), 3 survivors (3072K)
 Metaspace       used 41979K, committed 42496K, reserved 1114112K
  class space    used 5131K, committed 5376K, reserved 1048576K
}
Event: 3.116 GC heap before
{Heap before GC invocations=14 (full 0):
 garbage-first heap   total 78848K, used 62858K [0x0000000084400000, 0x0000000100000000)
  region size 1024K, 45 young (46080K), 3 survivors (3072K)
 Metaspace       used 44820K, committed 45312K, reserved 1114112K
  class space    used 5461K, committed 5696K, reserved 1048576K
}
Event: 3.120 GC heap after
{Heap after GC invocations=15 (full 0):
 garbage-first heap   total 78848K, used 22200K [0x0000000084400000, 0x0000000100000000)
  region size 1024K, 5 young (5120K), 5 survivors (5120K)
 Metaspace       used 44820K, committed 45312K, reserved 1114112K
  class space    used 5461K, committed 5696K, reserved 1048576K
}
Event: 3.567 GC heap before
{Heap before GC invocations=15 (full 0):
 garbage-first heap   total 78848K, used 63160K [0x0000000084400000, 0x0000000100000000)
  region size 1024K, 45 young (46080K), 5 survivors (5120K)
 Metaspace       used 51464K, committed 52096K, reserved 1114112K
  class space    used 6190K, committed 6528K, reserved 1048576K
}
Event: 3.573 GC heap after
{Heap after GC invocations=16 (full 0):
 garbage-first heap   total 134144K, used 23698K [0x0000000084400000, 0x0000000100000000)
  region size 1024K, 4 young (4096K), 4 survivors (4096K)
 Metaspace       used 51464K, committed 52096K, reserved 1114112K
  class space    used 6190K, committed 6528K, reserved 1048576K
}
Event: 4.056 GC heap before
{Heap before GC invocations=16 (full 0):
 garbage-first heap   total 134144K, used 99474K [0x0000000084400000, 0x0000000100000000)
  region size 1024K, 78 young (79872K), 4 survivors (4096K)
 Metaspace       used 58191K, committed 58816K, reserved 1114112K
  class space    used 7193K, committed 7488K, reserved 1048576K
}
Event: 4.060 GC heap after
{Heap after GC invocations=17 (full 0):
 garbage-first heap   total 134144K, used 25637K [0x0000000084400000, 0x0000000100000000)
  region size 1024K, 6 young (6144K), 6 survivors (6144K)
 Metaspace       used 58191K, committed 58816K, reserved 1114112K
  class space    used 7193K, committed 7488K, reserved 1048576K
}
Event: 4.168 GC heap before
{Heap before GC invocations=17 (full 0):
 garbage-first heap   total 134144K, used 39973K [0x0000000084400000, 0x0000000100000000)
  region size 1024K, 21 young (21504K), 6 survivors (6144K)
 Metaspace       used 59589K, committed 60160K, reserved 1114112K
  class space    used 7368K, committed 7680K, reserved 1048576K
}
Event: 4.172 GC heap after
{Heap after GC invocations=18 (full 0):
 garbage-first heap   total 134144K, used 25969K [0x0000000084400000, 0x0000000100000000)
  region size 1024K, 4 young (4096K), 4 survivors (4096K)
 Metaspace       used 59589K, committed 60160K, reserved 1114112K
  class space    used 7368K, committed 7680K, reserved 1048576K
}
Event: 4.556 GC heap before
{Heap before GC invocations=19 (full 0):
 garbage-first heap   total 99328K, used 80241K [0x0000000084400000, 0x0000000100000000)
  region size 1024K, 58 young (59392K), 4 survivors (4096K)
 Metaspace       used 65469K, committed 66048K, reserved 1114112K
  class space    used 8290K, committed 8576K, reserved 1048576K
}
Event: 4.560 GC heap after
{Heap after GC invocations=20 (full 0):
 garbage-first heap   total 99328K, used 26753K [0x0000000084400000, 0x0000000100000000)
  region size 1024K, 5 young (5120K), 5 survivors (5120K)
 Metaspace       used 65469K, committed 66048K, reserved 1114112K
  class space    used 8290K, committed 8576K, reserved 1048576K
}
Event: 4.567 GC heap before
{Heap before GC invocations=20 (full 0):
 garbage-first heap   total 99328K, used 27777K [0x0000000084400000, 0x0000000100000000)
  region size 1024K, 6 young (6144K), 5 survivors (5120K)
 Metaspace       used 65564K, committed 66112K, reserved 1114112K
  class space    used 8314K, committed 8576K, reserved 1048576K
}
Event: 4.570 GC heap after
{Heap after GC invocations=21 (full 0):
 garbage-first heap   total 99328K, used 27090K [0x0000000084400000, 0x0000000100000000)
  region size 1024K, 1 young (1024K), 1 survivors (1024K)
 Metaspace       used 65564K, committed 66112K, reserved 1114112K
  class space    used 8314K, committed 8576K, reserved 1048576K
}
Event: 4.925 GC heap before
{Heap before GC invocations=21 (full 0):
 garbage-first heap   total 99328K, used 81362K [0x0000000084400000, 0x0000000100000000)
  region size 1024K, 55 young (56320K), 1 survivors (1024K)
 Metaspace       used 70362K, committed 70976K, reserved 1114112K
  class space    used 9094K, committed 9408K, reserved 1048576K
}
Event: 4.927 GC heap after
{Heap after GC invocations=22 (full 0):
 garbage-first heap   total 198656K, used 27334K [0x0000000084400000, 0x0000000100000000)
  region size 1024K, 2 young (2048K), 2 survivors (2048K)
 Metaspace       used 70362K, committed 70976K, reserved 1114112K
  class space    used 9094K, committed 9408K, reserved 1048576K
}
Event: 5.571 GC heap before
{Heap before GC invocations=22 (full 0):
 garbage-first heap   total 198656K, used 143046K [0x0000000084400000, 0x0000000100000000)
  region size 1024K, 116 young (118784K), 2 survivors (2048K)
 Metaspace       used 78898K, committed 79616K, reserved 1179648K
  class space    used 10424K, committed 10752K, reserved 1048576K
}
Event: 5.577 GC heap after
{Heap after GC invocations=23 (full 0):
 garbage-first heap   total 198656K, used 31638K [0x0000000084400000, 0x0000000100000000)
  region size 1024K, 6 young (6144K), 6 survivors (6144K)
 Metaspace       used 78898K, committed 79616K, reserved 1179648K
  class space    used 10424K, committed 10752K, reserved 1048576K
}
Event: 8.811 GC heap before
{Heap before GC invocations=23 (full 0):
 garbage-first heap   total 198656K, used 144278K [0x0000000084400000, 0x0000000100000000)
  region size 1024K, 116 young (118784K), 6 survivors (6144K)
 Metaspace       used 85132K, committed 85888K, reserved 1179648K
  class space    used 11300K, committed 11648K, reserved 1048576K
}
Event: 8.819 GC heap after
{Heap after GC invocations=24 (full 0):
 garbage-first heap   total 198656K, used 36442K [0x0000000084400000, 0x0000000100000000)
  region size 1024K, 10 young (10240K), 10 survivors (10240K)
 Metaspace       used 85132K, committed 85888K, reserved 1179648K
  class space    used 11300K, committed 11648K, reserved 1048576K
}

Dll operation events (12 events):
Event: 0.014 Loaded shared library C:\Users\ADMIN\.p2\pool\plugins\org.eclipse.justj.openjdk.hotspot.jre.full.win32.x86_64_19.0.2.v20230129-1123\jre\bin\java.dll
Event: 0.019 Loaded shared library C:\Users\ADMIN\.p2\pool\plugins\org.eclipse.justj.openjdk.hotspot.jre.full.win32.x86_64_19.0.2.v20230129-1123\jre\bin\zip.dll
Event: 0.364 Loaded shared library C:\Users\ADMIN\.p2\pool\plugins\org.eclipse.justj.openjdk.hotspot.jre.full.win32.x86_64_19.0.2.v20230129-1123\jre\bin\instrument.dll
Event: 0.373 Loaded shared library C:\Users\ADMIN\.p2\pool\plugins\org.eclipse.justj.openjdk.hotspot.jre.full.win32.x86_64_19.0.2.v20230129-1123\jre\bin\net.dll
Event: 0.374 Loaded shared library C:\Users\ADMIN\.p2\pool\plugins\org.eclipse.justj.openjdk.hotspot.jre.full.win32.x86_64_19.0.2.v20230129-1123\jre\bin\nio.dll
Event: 0.379 Loaded shared library C:\Users\ADMIN\.p2\pool\plugins\org.eclipse.justj.openjdk.hotspot.jre.full.win32.x86_64_19.0.2.v20230129-1123\jre\bin\zip.dll
Event: 0.485 Loaded shared library C:\Users\ADMIN\.p2\pool\plugins\org.eclipse.justj.openjdk.hotspot.jre.full.win32.x86_64_19.0.2.v20230129-1123\jre\bin\jimage.dll
Event: 0.529 Loaded shared library C:\Users\ADMIN\.p2\pool\plugins\org.eclipse.justj.openjdk.hotspot.jre.full.win32.x86_64_19.0.2.v20230129-1123\jre\bin\management.dll
Event: 0.539 Loaded shared library C:\Users\ADMIN\.p2\pool\plugins\org.eclipse.justj.openjdk.hotspot.jre.full.win32.x86_64_19.0.2.v20230129-1123\jre\bin\management_ext.dll
Event: 0.729 Loaded shared library C:\Users\ADMIN\.p2\pool\plugins\org.eclipse.justj.openjdk.hotspot.jre.full.win32.x86_64_19.0.2.v20230129-1123\jre\bin\extnet.dll
Event: 0.751 Loaded shared library C:\Users\ADMIN\.p2\pool\plugins\org.eclipse.justj.openjdk.hotspot.jre.full.win32.x86_64_19.0.2.v20230129-1123\jre\bin\verify.dll
Event: 2.838 Loaded shared library C:\Users\ADMIN\.p2\pool\plugins\org.eclipse.justj.openjdk.hotspot.jre.full.win32.x86_64_19.0.2.v20230129-1123\jre\bin\sunmscapi.dll

Deoptimization events (20 events):
Event: 8.772 Thread 0x0000021eecb15080 DEOPT PACKING pc=0x0000021edd9a3531 sp=0x000000c7fcafc7c0
Event: 8.772 Thread 0x0000021eecb15080 DEOPT UNPACKING pc=0x0000021edd4eb0e3 sp=0x000000c7fcafbc18 mode 1
Event: 8.772 Thread 0x0000021eecb15080 DEOPT PACKING pc=0x0000021edd99a81c sp=0x000000c7fcafc850
Event: 8.772 Thread 0x0000021eecb15080 DEOPT UNPACKING pc=0x0000021edd4eb0e3 sp=0x000000c7fcafbd08 mode 1
Event: 8.773 Thread 0x0000021eecb15080 DEOPT PACKING pc=0x0000021edd9a3531 sp=0x000000c7fcafc8f0
Event: 8.773 Thread 0x0000021eecb15080 DEOPT UNPACKING pc=0x0000021edd4eb0e3 sp=0x000000c7fcafbd48 mode 1
Event: 8.773 Thread 0x0000021eecb15080 DEOPT PACKING pc=0x0000021edd99a81c sp=0x000000c7fcafc980
Event: 8.773 Thread 0x0000021eecb15080 DEOPT UNPACKING pc=0x0000021edd4eb0e3 sp=0x000000c7fcafbe38 mode 1
Event: 8.773 Thread 0x0000021eecb15080 DEOPT PACKING pc=0x0000021edd9a3531 sp=0x000000c7fcafca20
Event: 8.773 Thread 0x0000021eecb15080 DEOPT UNPACKING pc=0x0000021edd4eb0e3 sp=0x000000c7fcafbe78 mode 1
Event: 8.773 Thread 0x0000021eecb15080 DEOPT PACKING pc=0x0000021edd99a81c sp=0x000000c7fcafcab0
Event: 8.773 Thread 0x0000021eecb15080 DEOPT UNPACKING pc=0x0000021edd4eb0e3 sp=0x000000c7fcafbf68 mode 1
Event: 8.792 Thread 0x0000021eecb15080 DEOPT PACKING pc=0x0000021eddc3341c sp=0x000000c7fcafc280
Event: 8.792 Thread 0x0000021eecb15080 DEOPT UNPACKING pc=0x0000021edd4eb0e3 sp=0x000000c7fcafb7b8 mode 1
Event: 8.792 Thread 0x0000021eecb15080 DEOPT PACKING pc=0x0000021eddc342d4 sp=0x000000c7fcafc370
Event: 8.792 Thread 0x0000021eecb15080 DEOPT UNPACKING pc=0x0000021edd4eb0e3 sp=0x000000c7fcafb920 mode 1
Event: 8.792 Thread 0x0000021eecb15080 DEOPT PACKING pc=0x0000021eddc353f4 sp=0x000000c7fcafc4e0
Event: 8.792 Thread 0x0000021eecb15080 DEOPT UNPACKING pc=0x0000021edd4eb0e3 sp=0x000000c7fcafba90 mode 1
Event: 96.413 Thread 0x0000021eecb15080 DEOPT PACKING pc=0x0000021ede1f349c sp=0x000000c7fcafbb80
Event: 96.413 Thread 0x0000021eecb15080 DEOPT UNPACKING pc=0x0000021edd4eb0e3 sp=0x000000c7fcafb028 mode 0

Classes loaded (20 events):
Event: 8.732 Loading class sun/nio/cs/ThreadLocalCoders$Cache done
Event: 8.732 Loading class sun/nio/cs/ThreadLocalCoders$1 done
Event: 8.732 Loading class sun/nio/cs/ThreadLocalCoders$2
Event: 8.732 Loading class sun/nio/cs/ThreadLocalCoders$2 done
Event: 19.958 Loading class java/util/LinkedList$LLSpliterator
Event: 19.958 Loading class java/util/LinkedList$LLSpliterator done
Event: 19.964 Loading class java/util/stream/ReferencePipeline$4
Event: 19.965 Loading class java/util/stream/ReferencePipeline$4 done
Event: 19.971 Loading class java/util/stream/Nodes$IntFixedNodeBuilder
Event: 19.971 Loading class java/util/stream/Node$Builder$OfInt
Event: 19.971 Loading class java/util/stream/Node$Builder$OfInt done
Event: 19.971 Loading class java/util/stream/Nodes$IntArrayNode
Event: 19.971 Loading class java/util/stream/Nodes$IntArrayNode done
Event: 19.971 Loading class java/util/stream/Nodes$IntFixedNodeBuilder done
Event: 19.971 Loading class java/util/stream/ReferencePipeline$4$1
Event: 19.971 Loading class java/util/stream/ReferencePipeline$4$1 done
Event: 21.264 Loading class jdk/internal/reflect/MethodHandleFloatFieldAccessorImpl
Event: 21.265 Loading class jdk/internal/reflect/MethodHandleFloatFieldAccessorImpl done
Event: 91.069 Loading class java/util/concurrent/atomic/Striped64$Cell
Event: 91.069 Loading class java/util/concurrent/atomic/Striped64$Cell done

Classes unloaded (0 events):
No events

Classes redefined (1 events):
Event: 96.433 Thread 0x0000021ee79485f0 redefined class name=bookstore.Controller.CategoryController, count=1

Internal exceptions (20 events):
Event: 5.432 Thread 0x0000021eecdd2580 Exception <a 'java/lang/NoSuchMethodError'{0x000000008a717518}: 'int java.lang.invoke.DirectMethodHandle$Holder.invokeStatic(java.lang.Object)'> (0x000000008a717518) 
thrown [s\src\hotspot\share\interpreter\linkResolver.cpp, line 774]
Event: 5.510 Thread 0x0000021eecdd2580 Exception <a 'java/lang/NoSuchMethodError'{0x0000000089a52bf8}: 'long java.lang.invoke.DirectMethodHandle$Holder.invokeVirtual(java.lang.Object, java.lang.Object)'> (0x0000000089a52bf8) 
thrown [s\src\hotspot\share\interpreter\linkResolver.cpp, line 774]
Event: 5.513 Thread 0x0000021eecdd2580 Exception <a 'java/io/FileNotFoundException'{0x0000000089ac84b8}> (0x0000000089ac84b8) 
thrown [s\src\hotspot\share\prims\jni.cpp, line 517]
Event: 5.560 Thread 0x0000021eecdd2580 Exception <a 'java/lang/NoSuchMethodError'{0x00000000895c5f08}: 'java.lang.Object java.lang.invoke.DirectMethodHandle$Holder.newInvokeSpecial(java.lang.Object, java.lang.Object, java.lang.Object, java.lang.Object, java.lang.Object, java.lang.Object, java.lang.Object, java.lang.Object)'> (0x00000000895c5f08) 
thrown [s\src\hotspot\share\interpreter\linkResolver.cpp, line 774]
Event: 5.892 Thread 0x0000021eecdd2580 Exception <a 'sun/nio/fs/WindowsException'{0x000000008d6a0e80}> (0x000000008d6a0e80) 
thrown [s\src\hotspot\share\prims\jni.cpp, line 517]
Event: 5.932 Thread 0x0000021eecdd2580 Exception <a 'java/lang/IncompatibleClassChangeError'{0x000000008d0c0b50}: Found class java.lang.Object, but interface was expected> (0x000000008d0c0b50) 
thrown [s\src\hotspot\share\interpreter\linkResolver.cpp, line 841]
Event: 5.985 Thread 0x0000021eecdd2580 Exception <a 'java/lang/NoSuchMethodError'{0x000000008c85ee18}: 'java.lang.Object java.lang.invoke.DirectMethodHandle$Holder.invokeInterface(java.lang.Object, java.lang.Object, java.lang.Object, java.lang.Object)'> (0x000000008c85ee18) 
thrown [s\src\hotspot\share\interpreter\linkResolver.cpp, line 774]
Event: 6.016 Thread 0x0000021eecdd2580 Exception <a 'java/lang/NoSuchMethodError'{0x000000008c56f908}: 'void java.lang.invoke.DirectMethodHandle$Holder.invokeVirtual(java.lang.Object, java.lang.Object, long)'> (0x000000008c56f908) 
thrown [s\src\hotspot\share\interpreter\linkResolver.cpp, line 774]
Event: 6.068 Thread 0x0000021eecdd2580 Exception <a 'java/lang/NoSuchMethodError'{0x000000008bca1738}: 'int java.lang.invoke.DirectMethodHandle$Holder.invokeStaticInit(java.lang.Object, java.lang.Object, java.lang.Object, java.lang.Object)'> (0x000000008bca1738) 
thrown [s\src\hotspot\share\interpreter\linkResolver.cpp, line 774]
Event: 6.180 Thread 0x0000021eecdd2580 Exception <a 'java/lang/NoSuchMethodError'{0x000000008ac0cf38}: 'java.lang.Object java.lang.invoke.DirectMethodHandle$Holder.newInvokeSpecial(java.lang.Object, java.lang.Object, int, java.lang.Object, java.lang.Object)'> (0x000000008ac0cf38) 
thrown [s\src\hotspot\share\interpreter\linkResolver.cpp, line 774]
Event: 6.180 Thread 0x0000021eecdd2580 Exception <a 'java/lang/NoSuchMethodError'{0x000000008ac184d0}: 'java.lang.Object java.lang.invoke.DirectMethodHandle$Holder.invokeSpecial(java.lang.Object, java.lang.Object, int, java.lang.Object, int, java.lang.Object)'> (0x000000008ac184d0) 
thrown [s\src\hotspot\share\interpreter\linkResolver.cpp, line 774]
Event: 6.180 Thread 0x0000021eecdd2580 Exception <a 'java/lang/NoSuchMethodError'{0x000000008ac20568}: 'java.lang.Object java.lang.invoke.DirectMethodHandle$Holder.newInvokeSpecial(java.lang.Object, java.lang.Object, int, java.lang.Object, int)'> (0x000000008ac20568) 
thrown [s\src\hotspot\share\interpreter\linkResolver.cpp, line 774]
Event: 6.180 Thread 0x0000021eecdd2580 Exception <a 'java/lang/NoSuchMethodError'{0x000000008ac24680}: 'java.lang.Object java.lang.invoke.DirectMethodHandle$Holder.invokeSpecial(java.lang.Object, java.lang.Object, java.lang.Object, int, java.lang.Object, int)'> (0x000000008ac24680) 
thrown [s\src\hotspot\share\interpreter\linkResolver.cpp, line 774]
Event: 6.233 Thread 0x0000021eec909350 Exception <a 'java/lang/NoSuchMethodError'{0x000000008a6b0968}: 'java.lang.Object java.lang.invoke.DirectMethodHandle$Holder.invokeInterface(java.lang.Object, java.lang.Object, java.lang.Object, java.lang.Object, java.lang.Object, java.lang.Object, java.lang.Object)'> (0x000000008a6b0968) 
thrown [s\src\hotspot\share\interpreter\linkResolver.cpp, line 774]
Event: 8.729 Thread 0x0000021eee0fa5a0 Exception <a 'java/lang/NoSuchMethodError'{0x0000000089f9bb38}: 'java.lang.Object java.lang.invoke.DirectMethodHandle$Holder.invokeSpecial(java.lang.Object, java.lang.Object, java.lang.Object, java.lang.Object, java.lang.Object, long)'> (0x0000000089f9bb38) 
thrown [s\src\hotspot\share\interpreter\linkResolver.cpp, line 774]
Event: 8.729 Thread 0x0000021eee0fa5a0 Exception <a 'java/lang/NoSuchMethodError'{0x0000000089f9f588}: 'java.lang.Object java.lang.invoke.Invokers$Holder.linkToTargetMethod(java.lang.Object, java.lang.Object, java.lang.Object, long, java.lang.Object)'> (0x0000000089f9f588) 
thrown [s\src\hotspot\share\interpreter\linkResolver.cpp, line 774]
Event: 20.536 Thread 0x0000021eecb15080 Exception <a 'java/lang/NoSuchMethodError'{0x000000008f35a1b8}: 'void java.lang.invoke.Invokers$Holder.invokeExact_MT(java.lang.Object, java.lang.Object, int, java.lang.Object)'> (0x000000008f35a1b8) 
thrown [s\src\hotspot\share\interpreter\linkResolver.cpp, line 774]
Event: 20.953 Thread 0x0000021eecb15080 Exception <a 'java/lang/NoSuchMethodError'{0x000000008f2c7da0}: 'void java.lang.invoke.DirectMethodHandle$Holder.invokeSpecialIFC(java.lang.Object, java.lang.Object, int, java.lang.Object, java.lang.Object, java.lang.Object, java.lang.Object)'> (0x000000008f2c7da0) 
thrown [s\src\hotspot\share\interpreter\linkResolver.cpp, line 774]
Event: 21.266 Thread 0x0000021eecb15080 Exception <a 'java/lang/NoSuchMethodError'{0x000000008efc36a0}: 'float java.lang.invoke.DelegatingMethodHandle$Holder.reinvoke_L(java.lang.Object, java.lang.Object)'> (0x000000008efc36a0) 
thrown [s\src\hotspot\share\interpreter\linkResolver.cpp, line 774]
Event: 21.269 Thread 0x0000021eecb15080 Exception <a 'java/lang/NoSuchMethodError'{0x000000008efce8d8}: 'void java.lang.invoke.DelegatingMethodHandle$Holder.reinvoke_L(java.lang.Object, java.lang.Object, float)'> (0x000000008efce8d8) 
thrown [s\src\hotspot\share\interpreter\linkResolver.cpp, line 774]

VM Operations (20 events):
Event: 24.081 Executing VM operation: get/set locals
Event: 24.081 Executing VM operation: get/set locals done
Event: 24.082 Executing VM operation: get/set locals
Event: 24.082 Executing VM operation: get/set locals done
Event: 31.156 Executing VM operation: Cleanup
Event: 31.157 Executing VM operation: Cleanup done
Event: 61.517 Executing VM operation: Cleanup
Event: 61.518 Executing VM operation: Cleanup done
Event: 71.628 Executing VM operation: Cleanup
Event: 71.628 Executing VM operation: Cleanup done
Event: 96.413 Executing VM operation: ChangeSingleStep
Event: 96.413 Executing VM operation: ChangeSingleStep done
Event: 96.413 Executing VM operation: ChangeSingleStep
Event: 96.414 Executing VM operation: ChangeSingleStep done
Event: 96.428 Executing VM operation: RedefineClasses
Event: 96.449 Executing VM operation: RedefineClasses done
Event: 96.471 Executing VM operation: ChangeBreakpoints
Event: 96.473 Executing VM operation: ChangeBreakpoints done
Event: 96.476 Executing VM operation: ChangeSingleStep
Event: 96.476 Executing VM operation: ChangeSingleStep done

Events (20 events):
Event: 6.236 Thread 0x0000021eecb13b40 Thread added: 0x0000021eecb13b40
Event: 6.237 Thread 0x0000021eecb14090 Thread added: 0x0000021eecb14090
Event: 6.238 Thread 0x0000021eecb175b0 Thread added: 0x0000021eecb175b0
Event: 6.239 Thread 0x0000021eecb14b30 Thread added: 0x0000021eecb14b30
Event: 6.241 Thread 0x0000021eecb15b20 Thread added: 0x0000021eecb15b20
Event: 6.241 Thread 0x0000021eecb13b40 Thread exited: 0x0000021eecb13b40
Event: 6.242 Thread 0x0000021eecb175b0 Thread exited: 0x0000021eecb175b0
Event: 7.270 Thread 0x0000021eecb155d0 Thread exited: 0x0000021eecb155d0
Event: 7.276 Thread 0x0000021eecb15b20 Thread exited: 0x0000021eecb15b20
Event: 8.718 Thread 0x0000021eec8fd6e0 Thread exited: 0x0000021eec8fd6e0
Event: 8.829 Thread 0x0000021eee0fb590 Thread exited: 0x0000021eee0fb590
Event: 13.212 Thread 0x0000021eebe2aa80 Thread exited: 0x0000021eebe2aa80
Event: 15.536 Thread 0x0000021eebe0f390 Thread exited: 0x0000021eebe0f390
Event: 91.053 Thread 0x0000021eecb18050 Thread exited: 0x0000021eecb18050
Event: 91.053 Thread 0x0000021eecb19590 Thread exited: 0x0000021eecb19590
Event: 91.054 Thread 0x0000021eec9098a0 Thread exited: 0x0000021eec9098a0
Event: 91.054 Thread 0x0000021eecb11b60 Thread exited: 0x0000021eecb11b60
Event: 91.068 Thread 0x0000021eecb14090 Thread exited: 0x0000021eecb14090
Event: 91.069 Thread 0x0000021eecb14b30 Thread exited: 0x0000021eecb14b30
Event: 91.070 Thread 0x0000021eec909350 Thread exited: 0x0000021eec909350


Dynamic libraries:
0x00007ff66eb80000 - 0x00007ff66eb8e000 	C:\Users\ADMIN\.p2\pool\plugins\org.eclipse.justj.openjdk.hotspot.jre.full.win32.x86_64_19.0.2.v20230129-1123\jre\bin\javaw.exe
0x00007ffc13570000 - 0x00007ffc13787000 	C:\WINDOWS\SYSTEM32\ntdll.dll
0x00007ffc12fa0000 - 0x00007ffc13064000 	C:\WINDOWS\System32\KERNEL32.DLL
0x00007ffc10bb0000 - 0x00007ffc10f55000 	C:\WINDOWS\System32\KERNELBASE.dll
0x00007ffc108f0000 - 0x00007ffc10a01000 	C:\WINDOWS\System32\ucrtbase.dll
0x00007ffbdedc0000 - 0x00007ffbdedd9000 	C:\Users\ADMIN\.p2\pool\plugins\org.eclipse.justj.openjdk.hotspot.jre.full.win32.x86_64_19.0.2.v20230129-1123\jre\bin\VCRUNTIME140.dll
0x00007ffbe7bb0000 - 0x00007ffbe7bc7000 	C:\Users\ADMIN\.p2\pool\plugins\org.eclipse.justj.openjdk.hotspot.jre.full.win32.x86_64_19.0.2.v20230129-1123\jre\bin\jli.dll
0x00007ffc11660000 - 0x00007ffc1180e000 	C:\WINDOWS\System32\USER32.dll
0x00007ffc10a10000 - 0x00007ffc10a36000 	C:\WINDOWS\System32\win32u.dll
0x00007ffbf8c20000 - 0x00007ffbf8eb3000 	C:\WINDOWS\WinSxS\amd64_microsoft.windows.common-controls_6595b64144ccf1df_6.0.23570.1000_none_ec17f990fda47c48\COMCTL32.dll
0x00007ffc11860000 - 0x00007ffc11889000 	C:\WINDOWS\System32\GDI32.dll
0x00007ffc13070000 - 0x00007ffc13117000 	C:\WINDOWS\System32\msvcrt.dll
0x00007ffc10fe0000 - 0x00007ffc110f8000 	C:\WINDOWS\System32\gdi32full.dll
0x00007ffc11100000 - 0x00007ffc1119a000 	C:\WINDOWS\System32\msvcp_win.dll
0x00007ffc12730000 - 0x00007ffc12761000 	C:\WINDOWS\System32\IMM32.DLL
0x00007ffbe55d0000 - 0x00007ffbe55dc000 	C:\Users\ADMIN\.p2\pool\plugins\org.eclipse.justj.openjdk.hotspot.jre.full.win32.x86_64_19.0.2.v20230129-1123\jre\bin\vcruntime140_1.dll
0x00007ffbcf380000 - 0x00007ffbcf411000 	C:\Users\ADMIN\.p2\pool\plugins\org.eclipse.justj.openjdk.hotspot.jre.full.win32.x86_64_19.0.2.v20230129-1123\jre\bin\msvcp140.dll
0x00007ffbae840000 - 0x00007ffbaf531000 	C:\Users\ADMIN\.p2\pool\plugins\org.eclipse.justj.openjdk.hotspot.jre.full.win32.x86_64_19.0.2.v20230129-1123\jre\bin\server\jvm.dll
0x00007ffc12ef0000 - 0x00007ffc12fa0000 	C:\WINDOWS\System32\ADVAPI32.dll
0x00007ffc13390000 - 0x00007ffc13436000 	C:\WINDOWS\System32\sechost.dll
0x00007ffc13120000 - 0x00007ffc13237000 	C:\WINDOWS\System32\RPCRT4.dll
0x00007ffc09bd0000 - 0x00007ffc09c04000 	C:\WINDOWS\SYSTEM32\WINMM.dll
0x00007ffbebd80000 - 0x00007ffbebd89000 	C:\WINDOWS\SYSTEM32\WSOCK32.dll
0x00007ffc09e30000 - 0x00007ffc09e3a000 	C:\WINDOWS\SYSTEM32\VERSION.dll
0x00007ffc11dd0000 - 0x00007ffc11e41000 	C:\WINDOWS\System32\WS2_32.dll
0x00007ffc0f990000 - 0x00007ffc0f9a8000 	C:\WINDOWS\SYSTEM32\kernel.appcore.dll
0x00007ffbf4040000 - 0x00007ffbf404a000 	C:\Users\ADMIN\.p2\pool\plugins\org.eclipse.justj.openjdk.hotspot.jre.full.win32.x86_64_19.0.2.v20230129-1123\jre\bin\jimage.dll
0x00007ffc0d920000 - 0x00007ffc0db4e000 	C:\WINDOWS\SYSTEM32\DBGHELP.DLL
0x00007ffc112d0000 - 0x00007ffc1165a000 	C:\WINDOWS\System32\combase.dll
0x00007ffc13440000 - 0x00007ffc13517000 	C:\WINDOWS\System32\OLEAUT32.dll
0x00007ffbf7ee0000 - 0x00007ffbf7f12000 	C:\WINDOWS\SYSTEM32\dbgcore.DLL
0x00007ffc10f60000 - 0x00007ffc10fda000 	C:\WINDOWS\System32\bcryptPrimitives.dll
0x00007ffbea780000 - 0x00007ffbea7bc000 	C:\Users\ADMIN\.p2\pool\plugins\org.eclipse.justj.openjdk.hotspot.jre.full.win32.x86_64_19.0.2.v20230129-1123\jre\bin\jdwp.dll
0x00007ffbf1b10000 - 0x00007ffbf1b1e000 	C:\Users\ADMIN\.p2\pool\plugins\org.eclipse.justj.openjdk.hotspot.jre.full.win32.x86_64_19.0.2.v20230129-1123\jre\bin\instrument.dll
0x00007ffbcbb10000 - 0x00007ffbcbb36000 	C:\Users\ADMIN\.p2\pool\plugins\org.eclipse.justj.openjdk.hotspot.jre.full.win32.x86_64_19.0.2.v20230129-1123\jre\bin\java.dll
0x00007ffbe5de0000 - 0x00007ffbe5df8000 	C:\Users\ADMIN\.p2\pool\plugins\org.eclipse.justj.openjdk.hotspot.jre.full.win32.x86_64_19.0.2.v20230129-1123\jre\bin\zip.dll
0x00007ffc11ed0000 - 0x00007ffc12726000 	C:\WINDOWS\System32\SHELL32.dll
0x00007ffc0e810000 - 0x00007ffc0f120000 	C:\WINDOWS\SYSTEM32\windows.storage.dll
0x00007ffc0e6d0000 - 0x00007ffc0e80e000 	C:\WINDOWS\SYSTEM32\wintypes.dll
0x00007ffc11b50000 - 0x00007ffc11c43000 	C:\WINDOWS\System32\SHCORE.dll
0x00007ffc11d70000 - 0x00007ffc11dce000 	C:\WINDOWS\System32\shlwapi.dll
0x00007ffc10820000 - 0x00007ffc10846000 	C:\WINDOWS\SYSTEM32\profapi.dll
0x00007ffbfe780000 - 0x00007ffbfe78c000 	C:\Users\ADMIN\.p2\pool\plugins\org.eclipse.justj.openjdk.hotspot.jre.full.win32.x86_64_19.0.2.v20230129-1123\jre\bin\dt_socket.dll
0x00007ffc0f3f0000 - 0x00007ffc0f41d000 	C:\WINDOWS\SYSTEM32\IPHLPAPI.DLL
0x00007ffc0fea0000 - 0x00007ffc0ff09000 	C:\WINDOWS\system32\mswsock.dll
0x00007ffc0f420000 - 0x00007ffc0f512000 	C:\WINDOWS\SYSTEM32\DNSAPI.dll
0x00007ffc11e60000 - 0x00007ffc11e69000 	C:\WINDOWS\System32\NSI.dll
0x00007ffc08540000 - 0x00007ffc0854a000 	C:\Windows\System32\rasadhlp.dll
0x00007ffc085c0000 - 0x00007ffc08644000 	C:\WINDOWS\System32\fwpuclnt.dll
0x00007ffbd27c0000 - 0x00007ffbd27d3000 	C:\Users\ADMIN\.p2\pool\plugins\org.eclipse.justj.openjdk.hotspot.jre.full.win32.x86_64_19.0.2.v20230129-1123\jre\bin\net.dll
0x00007ffc0b3a0000 - 0x00007ffc0b4d7000 	C:\WINDOWS\SYSTEM32\WINHTTP.dll
0x00007ffbcec30000 - 0x00007ffbcec46000 	C:\Users\ADMIN\.p2\pool\plugins\org.eclipse.justj.openjdk.hotspot.jre.full.win32.x86_64_19.0.2.v20230129-1123\jre\bin\nio.dll
0x00007ffbe4e60000 - 0x00007ffbe4e69000 	C:\Users\ADMIN\.p2\pool\plugins\org.eclipse.justj.openjdk.hotspot.jre.full.win32.x86_64_19.0.2.v20230129-1123\jre\bin\management.dll
0x00007ffbe4cb0000 - 0x00007ffbe4cbb000 	C:\Users\ADMIN\.p2\pool\plugins\org.eclipse.justj.openjdk.hotspot.jre.full.win32.x86_64_19.0.2.v20230129-1123\jre\bin\management_ext.dll
0x00007ffc13520000 - 0x00007ffc13528000 	C:\WINDOWS\System32\PSAPI.DLL
0x00007ffbd2910000 - 0x00007ffbd2927000 	C:\WINDOWS\system32\napinsp.dll
0x00007ffbf4000000 - 0x00007ffbf401b000 	C:\WINDOWS\system32\pnrpnsp.dll
0x00007ffbea030000 - 0x00007ffbea051000 	C:\WINDOWS\system32\nlansp_c.dll
0x00007ffbfd380000 - 0x00007ffbfd391000 	C:\WINDOWS\System32\winrnr.dll
0x00007ffbe4190000 - 0x00007ffbe41a5000 	C:\WINDOWS\system32\wshbth.dll
0x00007ffc100f0000 - 0x00007ffc1010b000 	C:\WINDOWS\SYSTEM32\CRYPTSP.dll
0x00007ffc0f950000 - 0x00007ffc0f985000 	C:\WINDOWS\system32\rsaenh.dll
0x00007ffc0ff90000 - 0x00007ffc0ffbc000 	C:\WINDOWS\SYSTEM32\USERENV.dll
0x00007ffc10290000 - 0x00007ffc102b8000 	C:\WINDOWS\SYSTEM32\bcrypt.dll
0x00007ffc10110000 - 0x00007ffc1011c000 	C:\WINDOWS\SYSTEM32\CRYPTBASE.dll
0x00007ffc09e00000 - 0x00007ffc09e19000 	C:\WINDOWS\SYSTEM32\dhcpcsvc6.DLL
0x00007ffc09e40000 - 0x00007ffc09e5f000 	C:\WINDOWS\SYSTEM32\dhcpcsvc.DLL
0x00007ffc078a0000 - 0x00007ffc078a8000 	C:\Users\ADMIN\.p2\pool\plugins\org.eclipse.justj.openjdk.hotspot.jre.full.win32.x86_64_19.0.2.v20230129-1123\jre\bin\extnet.dll
0x00007ffbeb990000 - 0x00007ffbeb9a0000 	C:\Users\ADMIN\.p2\pool\plugins\org.eclipse.justj.openjdk.hotspot.jre.full.win32.x86_64_19.0.2.v20230129-1123\jre\bin\verify.dll
0x00007ffbe8cb0000 - 0x00007ffbe8cbe000 	C:\Users\ADMIN\.p2\pool\plugins\org.eclipse.justj.openjdk.hotspot.jre.full.win32.x86_64_19.0.2.v20230129-1123\jre\bin\sunmscapi.dll
0x00007ffc10a40000 - 0x00007ffc10ba6000 	C:\WINDOWS\System32\CRYPT32.dll
0x00007ffc10260000 - 0x00007ffc1028e000 	C:\WINDOWS\SYSTEM32\ncrypt.dll
0x00007ffc10220000 - 0x00007ffc10257000 	C:\WINDOWS\SYSTEM32\NTASN1.dll
0x00007ffbfd3c0000 - 0x00007ffbfd3c8000 	C:\WINDOWS\system32\wshunix.dll

dbghelp: loaded successfully - version: 4.0.5 - missing functions: none
symbol engine: initialized successfully - sym options: 0x614 - pdb path: .;C:\Users\ADMIN\.p2\pool\plugins\org.eclipse.justj.openjdk.hotspot.jre.full.win32.x86_64_19.0.2.v20230129-1123\jre\bin;C:\WINDOWS\SYSTEM32;C:\WINDOWS\WinSxS\amd64_microsoft.windows.common-controls_6595b64144ccf1df_6.0.23570.1000_none_ec17f990fda47c48;C:\Users\ADMIN\.p2\pool\plugins\org.eclipse.justj.openjdk.hotspot.jre.full.win32.x86_64_19.0.2.v20230129-1123\jre\bin\server

VM Arguments:
jvm_args: -XX:+ShowCodeDetailsInExceptionMessages -agentlib:jdwp=transport=dt_socket,suspend=y,address=localhost:10907 -Dcom.sun.management.jmxremote -Dcom.sun.management.jmxremote.port=10906 -Dcom.sun.management.jmxremote.authenticate=false -Dcom.sun.management.jmxremote.ssl=false -Djava.rmi.server.hostname=localhost -Dspring.jmx.enabled=true -Dmanagement.endpoints.jmx.exposure.include=* -Dspring.application.admin.enabled=true -XX:TieredStopAtLevel=1 -Dspring.boot.project.name=Book-Store -javaagent:E:\app\learning app\eclipse\eclipse\configuration\org.eclipse.osgi\252\0\.cp\lib\javaagent-shaded.jar -Dfile.encoding=UTF-8 -Dstdout.encoding=UTF-8 -Dstderr.encoding=UTF-8 
java_command: bookstore.BookStoreApplication --spring.output.ansi.enabled=always
java_class_path (initial): E:\learning\workspace-java\Book-Store\target\classes;C:\Users\ADMIN\.m2\repository\com\auth0\java-jwt\4.4.0\java-jwt-4.4.0.jar;C:\Users\ADMIN\.m2\repository\com\fasterxml\jackson\core\jackson-databind\2.15.2\jackson-databind-2.15.2.jar;C:\Users\ADMIN\.m2\repository\com\fasterxml\jackson\core\jackson-annotations\2.15.2\jackson-annotations-2.15.2.jar;C:\Users\ADMIN\.m2\repository\com\fasterxml\jackson\core\jackson-core\2.15.2\jackson-core-2.15.2.jar;C:\Users\ADMIN\.m2\repository\org\springframework\boot\spring-boot-starter-data-jpa\3.1.4\spring-boot-starter-data-jpa-3.1.4.jar;C:\Users\ADMIN\.m2\repository\org\springframework\boot\spring-boot-starter-aop\3.1.4\spring-boot-starter-aop-3.1.4.jar;C:\Users\ADMIN\.m2\repository\org\aspectj\aspectjweaver\1.9.20\aspectjweaver-1.9.20.jar;C:\Users\ADMIN\.m2\repository\org\springframework\boot\spring-boot-starter-jdbc\3.1.4\spring-boot-starter-jdbc-3.1.4.jar;C:\Users\ADMIN\.m2\repository\com\zaxxer\HikariCP\5.0.1\HikariCP-5.0.1.jar;C:\Users\ADMIN\.m2\repository\org\springframework\spring-jdbc\6.0.12\spring-jdbc-6.0.12.jar;C:\Users\ADMIN\.m2\repository\org\hibernate\orm\hibernate-core\6.2.9.Final\hibernate-core-6.2.9.Final.jar;C:\Users\ADMIN\.m2\repository\jakarta\persistence\jakarta.persistence-api\3.1.0\jakarta.persistence-api-3.1.0.jar;C:\Users\ADMIN\.m2\repository\jakarta\transaction\jakarta.transaction-api\2.0.1\jakarta.transaction-api-2.0.1.jar;C:\Users\ADMIN\.m2\repository\org\jboss\logging\jboss-logging\3.5.3.Final\jboss-logging-3.5.3.Final.jar;C:\Users\ADMIN\.m2\repository\org\hibernate\common\hibernate-commons-annotations\6.0.6.Final\hibernate-commons-annotations-6.0.6.Final.jar;C:\Users\ADMIN\.m2\repository\io\smallrye\jandex\3.0.5\jandex-3.0.5.jar;C:\Users\ADMIN\.m2\repository\com\fasterxml\classmate\1.5.1\classmate-1.5.1.jar;C:\Users\ADMIN\.m2\repository\net\bytebuddy\byte-buddy\1.14.8\byte-buddy-1.14.8.jar;C:\Users\ADMIN\.m2\repository\org\glassfish\jaxb\jaxb-runtime\4.0.3\jaxb-runtime-4.0.3.jar;C:\Users\ADMIN\.m2\repository\org\glassfish\jaxb\jaxb-core\4.0.3\jaxb-core-4.0.3.jar;C:\Users\ADMIN\.m2\repository\org\eclipse\angus\angus-activation\2.0.1\angus-activation-2.0.1.jar;C:\Users\ADMIN\.m2\repository\org\glassfish\jaxb\txw2\4.0.3\txw2-4.0.3.jar;C:\Users\ADMIN\.m2\repository\com\sun\istack\istack-commons-runtime\4.1.2\istack-commons-runtime-4.1.2.jar;C:\Users\ADMIN\.m2\repository\jakarta\inject\jakarta.inject-api\2.0.1\jakarta.inject-api-2.0.1.jar;C:\Users\ADMIN\.m2\repository\org\antlr\antlr4-runtime\4.10.1\antlr4-runtime-4.10.1.jar;C:\Users\ADMIN\.m2\repository\org\springframework\data\spring-data-jpa\3.1.4\spring-data-jpa-3.1.4.jar;C:\Users\ADMIN\.m2\repository\org\springframework\data\spring-data-commons\3.1.4\spring-data-commons-3.1.4.jar;C:\Users\ADMIN\.m2\repository\org\springframework\spring-orm\6.0.12\spring-orm-6.0.12.jar;C:\Users\ADMIN\.m2\repository\org\springframework\spring-context\6.0.12\spring-context-6.0.12.jar;C:\Users\ADMIN\.m2\repository\org\springframework\spring-tx\6.0.12\spring-tx-6.0.12.jar;C:\Users\ADMIN\.m2\repository\org\springframework\spring-beans\6.0.12\spring-beans-6.0.12.jar;C:\Users\ADMIN\.m2\repository\org\slf4j\slf4j-api\2.0.9\slf4j-api-2.0.9.jar;C:\Users\ADMIN\.m2\repository\org\springframework\spring-aspects\6.0.12\spring-aspects-6.0.12.jar;C:\Users\ADMIN\.m2\repository\org\springframework\boot\spring-boot-starter-validation\3.1.4\spring-boot-starter-validation-3.1.4.jar;C:\Users\ADMIN\.m2\repository\org\apache\tomcat\embed\tomcat-embed-el\10.1.13\tomcat-embed-el-10.1.13.jar;C:\Users\ADMIN\.m2\repository\org\hibernate\validator\hibernate-validator\8.0.1.Final\hibernate-validator-8.0.1.Final.jar;C:\Users\ADMIN\.m2\repository\jakarta\validation\jakarta.validation-api\3.0.2\jakarta.validation-api-3.0.2.jar;C:\Users\ADMIN\.m2\repository\org\springframework\boot\spring-boot-starter-web\3.1.4\spring-boot-starter-web-3.1.4.jar;C:\Users\ADMIN\.m2\repository\org\springframework\boot\spring-boot-starter-json\3.1.4\spring-boot-starter-json-3.1.4.jar;C:\Users\ADMIN\.m2\repository\com\fasterxml\jackson\datatype\jackson-datatype-jdk8\2.15.2\jackson-datatype-jdk8-2.15.2.jar;C:\Users\ADMIN\.m2\repository\com\fasterxml\jackson\datatype\jackson-datatype-jsr310\2.15.2\jackson-datatype-jsr310-2.15.2.jar;C:\Users\ADMIN\.m2\repository\com\fasterxml\jackson\module\jackson-module-parameter-names\2.15.2\jackson-module-parameter-names-2.15.2.jar;C:\Users\ADMIN\.m2\repository\org\springframework\boot\spring-boot-starter-tomcat\3.1.4\spring-boot-starter-tomcat-3.1.4.jar;C:\Users\ADMIN\.m2\repository\org\apache\tomcat\embed\tomcat-embed-core\10.1.13\tomcat-embed-core-10.1.13.jar;C:\Users\ADMIN\.m2\repository\org\apache\tomcat\embed\tomcat-embed-websocket\10.1.13\tomcat-embed-websocket-10.1.13.jar;C:\Users\ADMIN\.m2\repository\org\springframework\spring-web\6.0.12\spring-web-6.0.12.jar;C:\Users\ADMIN\.m2\repository\io\micrometer\micrometer-observation\1.11.4\micrometer-observation-1.11.4.jar;C:\Users\ADMIN\.m2\repository\io\micrometer\micrometer-commons\1.11.4\micrometer-commons-1.11.4.jar;C:\Users\ADMIN\.m2\repository\org\springframework\spring-webmvc\6.0.12\spring-webmvc-6.0.12.jar;C:\Users\ADMIN\.m2\repository\org\springframework\spring-expression\6.0.12\spring-expression-6.0.12.jar;C:\Users\ADMIN\.m2\repository\org\springframework\boot\spring-boot-devtools\3.1.4\spring-boot-devtools-3.1.4.jar;C:\Users\ADMIN\.m2\repository\org\springframework\boot\spring-boot\3.1.4\spring-boot-3.1.4.jar;C:\Users\ADMIN\.m2\repository\org\springframework\boot\spring-boot-autoconfigure\3.1.4\spring-boot-autoconfigure-3.1.4.jar;C:\Users\ADMIN\.m2\repository\jakarta\xml\bind\jakarta.xml.bind-api\4.0.1\jakarta.xml.bind-api-4.0.1.jar;C:\Users\ADMIN\.m2\repository\jakarta\activation\jakarta.activation-api\2.1.2\jakarta.activation-api-2.1.2.jar;C:\Users\ADMIN\.m2\repository\net\minidev\json-smart\2.4.11\json-smart-2.4.11.jar;C:\Users\ADMIN\.m2\repository\net\minidev\accessors-smart\2.4.11\accessors-smart-2.4.11.jar;C:\Users\ADMIN\.m2\repository\org\ow2\asm\asm\9.3\asm-9.3.jar;C:\Users\ADMIN\.m2\repository\org\springframework\spring-core\6.0.12\spring-core-6.0.12.jar;C:\Users\ADMIN\.m2\repository\org\springframework\spring-jcl\6.0.12\spring-jcl-6.0.12.jar;C:\Users\ADMIN\.m2\repository\org\springframework\boot\spring-boot-starter\3.1.4\spring-boot-starter-3.1.4.jar;C:\Users\ADMIN\.m2\repository\org\springframework\boot\spring-boot-starter-logging\3.1.4\spring-boot-starter-logging-3.1.4.jar;C:\Users\ADMIN\.m2\repository\ch\qos\logback\logback-classic\1.4.11\logback-classic-1.4.11.jar;C:\Users\ADMIN\.m2\repository\ch\qos\logback\logback-core\1.4.11\logback-core-1.4.11.jar;C:\Users\ADMIN\.m2\repository\org\apache\logging\log4j\log4j-to-slf4j\2.20.0\log4j-to-slf4j-2.20.0.jar;C:\Users\ADMIN\.m2\repository\org\apache\logging\log4j\log4j-api\2.20.0\log4j-api-2.20.0.jar;C:\Users\ADMIN\.m2\repository\org\slf4j\jul-to-slf4j\2.0.9\jul-to-slf4j-2.0.9.jar;C:\Users\ADMIN\.m2\repository\jakarta\annotation\jakarta.annotation-api\2.1.1\jakarta.annotation-api-2.1.1.jar;C:\Users\ADMIN\.m2\repository\org\yaml\snakeyaml\1.33\snakeyaml-1.33.jar;C:\Users\ADMIN\.m2\repository\com\microsoft\sqlserver\mssql-jdbc\11.2.3.jre17\mssql-jdbc-11.2.3.jre17.jar;C:\Users\ADMIN\.m2\repository\org\springframework\boot\spring-boot-starter-security\3.1.4\spring-boot-starter-security-3.1.4.jar;C:\Users\ADMIN\.m2\repository\org\springframework\spring-aop\6.0.12\spring-aop-6.0.12.jar;C:\Users\ADMIN\.m2\repository\org\springframework\security\spring-security-config\6.1.4\spring-security-config-6.1.4.jar;C:\Users\ADMIN\.m2\repository\org\springframework\security\spring-security-web\6.1.4\spring-security-web-6.1.4.jar;C:\Users\ADMIN\.m2\repository\org\springframework\security\spring-security-core\6.1.4\spring-security-core-6.1.4.jar;C:\Users\ADMIN\.m2\repository\org\springframework\security\spring-security-crypto\6.1.4\spring-security-crypto-6.1.4.jar;C:\Users\ADMIN\.m2\repository\org\projectlombok\lombok\1.18.30\lombok-1.18.30.jar;C:\Users\ADMIN\.m2\repository\org\springframework\boot\spring-boot-configuration-processor\3.1.4\spring-boot-configuration-processor-3.1.4.jar;C:\Users\ADMIN\.m2\repository\org\springframework\boot\spring-boot-starter-oauth2-client\3.1.4\spring-boot-starter-oauth2-client-3.1.4.jar;C:\Users\ADMIN\.m2\repository\org\springframework\security\spring-security-oauth2-client\6.1.4\spring-security-oauth2-client-6.1.4.jar;C:\Users\ADMIN\.m2\repository\org\springframework\security\spring-security-oauth2-core\6.1.4\spring-security-oauth2-core-6.1.4.jar;C:\Users\ADMIN\.m2\repository\com\nimbusds\oauth2-oidc-sdk\9.43.3\oauth2-oidc-sdk-9.43.3.jar;C:\Users\ADMIN\.m2\repository\com\github\stephenc\jcip\jcip-annotations\1.0-1\jcip-annotations-1.0-1.jar;C:\Users\ADMIN\.m2\repository\com\nimbusds\content-type\2.2\content-type-2.2.jar;C:\Users\ADMIN\.m2\repository\com\nimbusds\lang-tag\1.7\lang-tag-1.7.jar;C:\Users\ADMIN\.m2\repository\org\springframework\security\spring-security-oauth2-jose\6.1.4\spring-security-oauth2-jose-6.1.4.jar;C:\Users\ADMIN\.m2\repository\com\nimbusds\nimbus-jose-jwt\9.31\nimbus-jose-jwt-9.31.jar
Launcher Type: SUN_STANDARD

[Global flags]
     intx CICompilerCount                          = 4                                         {product} {ergonomic}
     uint ConcGCThreads                            = 2                                         {product} {ergonomic}
     uint G1ConcRefinementThreads                  = 8                                         {product} {ergonomic}
   size_t G1HeapRegionSize                         = 1048576                                   {product} {ergonomic}
    uintx GCDrainStackTargetSize                   = 64                                        {product} {ergonomic}
   size_t InitialHeapSize                          = 130023424                                 {product} {ergonomic}
     bool ManagementServer                         = true                                      {product} {command line}
   size_t MarkStackSize                            = 4194304                                   {product} {ergonomic}
   size_t MaxHeapSize                              = 2076180480                                {product} {ergonomic}
   size_t MaxNewSize                               = 1245708288                                {product} {ergonomic}
   size_t MinHeapDeltaBytes                        = 1048576                                   {product} {ergonomic}
   size_t MinHeapSize                              = 8388608                                   {product} {ergonomic}
    uintx NonProfiledCodeHeapSize                  = 0                                      {pd product} {ergonomic}
     bool ProfileInterpreter                       = false                                  {pd product} {command line}
    uintx ProfiledCodeHeapSize                     = 0                                      {pd product} {ergonomic}
     bool ShowCodeDetailsInExceptionMessages       = true                                   {manageable} {command line}
   size_t SoftMaxHeapSize                          = 2076180480                             {manageable} {ergonomic}
     intx TieredStopAtLevel                        = 1                                         {product} {command line}
     bool UseCompressedClassPointers               = true                           {product lp64_product} {ergonomic}
     bool UseCompressedOops                        = true                           {product lp64_product} {ergonomic}
     bool UseG1GC                                  = true                                      {product} {ergonomic}
     bool UseLargePagesIndividualAllocation        = false                                  {pd product} {ergonomic}

Logging:
Log output configuration:
 #0: stdout all=warning uptime,level,tags foldmultilines=false
 #1: stderr all=off uptime,level,tags foldmultilines=false

Environment Variables:
PATH=C:\Users\ADMIN\.p2\pool\plugins\org.eclipse.justj.openjdk.hotspot.jre.full.win32.x86_64_19.0.2.v20230129-1123\jre\bin;C:/Users/ADMIN/.p2/pool/plugins/org.eclipse.justj.openjdk.hotspot.jre.full.win32.x86_64_19.0.2.v20230129-1123/jre/bin/server;C:/Users/ADMIN/.p2/pool/plugins/org.eclipse.justj.openjdk.hotspot.jre.full.win32.x86_64_19.0.2.v20230129-1123/jre/bin;E:\app\python\Scripts\;E:\app\python\;C:\ProgramData\Oracle\Java\javapath;C:\WINDOWS\system32;C:\WINDOWS;C:\WINDOWS\System32\Wbem;C:\WINDOWS\System32\WindowsPowerShell\v1.0\;C:\WINDOWS\System32\OpenSSH\;E:\app\app\Git\cmd;C:\Program Files\dotnet\;E:\app\wamp64\bin\php\php7.4.26;C:\mingw64\bin;C:\Program Files (x86)\Google\Cloud SDK\google-cloud-sdk\bin;C:\Program Files (x86)\Windows Kits\10\Windows Performance Toolkit\;E:\mongodb-database-tools-windows-x86_64-100.7.0\bin;C:\Program Files\Microsoft SQL Server\Client SDK\ODBC\170\Tools\Binn\;C:\Program Files (x86)\Microsoft SQL Server\160\DTS\Binn\;C:\Program Files\Azure Data Studio\bin;C:\Program Files (x86)\Microsoft SQL Server\160\Tools\Binn\;C:\Program Files\Microsoft SQL Server\160\Tools\Binn\;C:\Program Files\Microsoft SQL Server\160\DTS\Binn\;C:\Program Files\Microsoft SQL Server\150\Tools\Binn\;E:\app\learning app\nvm;C:\Program Files\nodejs;C:\Program Files\Docker\Docker\resources\bin;C:\Program Files\Cloudflare\Cloudflare WARP\;C:\Program Files\MySQL\MySQL Shell 8.0\bin\;C:\Users\ADMIN\AppData\Local\Microsoft\WindowsApps;E:\app\app\Microsoft VS Code\bin;C:\Users\ADMIN\AppData\Roaming\npm;C:\Users\ADMIN\AppData\Local\Programs\Python\Python310\Scripts;C:\Program Files\heroku\bin;E:\app\flutter\bin;C:\Users\ADMIN\AppData\Local\GitHubDesktop\bin;E:\mongodb-database-tools-windows-x86_64-100.7.0\bin;C:\Program Files\Azure Data Studio\bin;C:\Users\ADMIN\AppData\Local\Programs\Microsoft VS Code\bin;E:\app\learning app\Microsoft VS Code\bin;E:\app\learning app\nvm;C:\Program Files\nodejs;C:\Users\ADMIN\.dotnet\tools;;E:\app\learning app\eclipse\eclipse;
USERNAME=ADMIN
OS=Windows_NT
PROCESSOR_IDENTIFIER=Intel64 Family 6 Model 140 Stepping 1, GenuineIntel
TMP=C:\Users\ADMIN\AppData\Local\Temp
TEMP=C:\Users\ADMIN\AppData\Local\Temp



---------------  S Y S T E M  ---------------

OS:
 Windows 11 , 64 bit Build 23570 (10.0.23570.1000)
OS uptime: 2 days 22:19 hours
Hyper-V role detected

CPU: total 8 (initial active 8) (4 cores per cpu, 2 threads per core) family 6 model 140 stepping 1 microcode 0xac, cx8, cmov, fxsr, ht, mmx, 3dnowpref, sse, sse2, sse3, ssse3, sse4.1, sse4.2, popcnt, lzcnt, tsc, tscinvbit, avx, avx2, aes, erms, clmul, bmi1, bmi2, adx, avx512f, avx512dq, avx512cd, avx512bw, avx512vl, sha, fma, vzeroupper, avx512_vpopcntdq, avx512_vpclmulqdq, avx512_vaes, avx512_vnni, clflush, clflushopt, clwb, avx512_vbmi2, avx512_vbmi, hv, rdtscp, rdpid, fsrm, gfni, avx512_bitalg

Memory: 4k page, system-wide physical 7914M (868M free)
TotalPageFile size 15850M (AvailPageFile size 6134M)
current process WorkingSet (physical memory assigned to process): 377M, peak: 377M
current process commit charge ("private bytes"): 413M, peak: 414M

vm_info: OpenJDK 64-Bit Server VM (19.0.2+7) for windows-amd64 JRE (19.0.2+7), built on 2023-01-17T00:00:00Z by "temurin" with MS VC++ 16.7 (VS2019)

END.
